mode: set
TikTokMall/app/cart/biz/dal/init.go:9.19,11.40 1 0
TikTokMall/app/cart/biz/dal/init.go:11.40,13.6 1 0
TikTokMall/app/cart/biz/dal/init.go:15.5,15.40 1 0
TikTokMall/app/cart/biz/dal/init.go:15.40,17.6 1 0
TikTokMall/app/cart/biz/dal/init.go:18.5,18.15 1 0
TikTokMall/app/cart/main.go:10.13,14.19 3 0
TikTokMall/app/cart/main.go:14.19,16.6 1 0
TikTokMall/app/cart/biz/init.go:9.19,17.2 3 0
TikTokMall/app/cart/biz/handler/cart.go:16.44,20.2 1 0
TikTokMall/app/cart/biz/handler/cart.go:23.105,25.19 2 0
TikTokMall/app/cart/biz/handler/cart.go:25.19,27.6 1 0
TikTokMall/app/cart/biz/handler/cart.go:28.5,28.36 1 0
TikTokMall/app/cart/biz/handler/cart.go:32.105,34.19 2 0
TikTokMall/app/cart/biz/handler/cart.go:34.19,36.6 1 0
TikTokMall/app/cart/biz/handler/cart.go:37.5,39.11 1 0
TikTokMall/app/cart/biz/handler/cart.go:43.111,45.19 2 0
TikTokMall/app/cart/biz/handler/cart.go:45.19,47.6 1 0
TikTokMall/app/cart/biz/handler/cart.go:48.5,48.38 1 0
TikTokMall/app/cart/biz/model/cart.go:19.36,21.2 1 0
TikTokMall/app/cart/kitex_gen/cart/cart.pb.fast.go:16.91,17.16 1 0
TikTokMall/app/cart/kitex_gen/cart/cart.pb.fast.go:18.9,20.17 2 0
TikTokMall/app/cart/kitex_gen/cart/cart.pb.fast.go:20.17,21.23 1 0
TikTokMall/app/cart/kitex_gen/cart/cart.pb.fast.go:23.9,25.17 2 0
TikTokMall/app/cart/kitex_gen/cart/cart.pb.fast.go:25.17,26.23 1 0
TikTokMall/app/cart/kitex_gen/cart/cart.pb.fast.go:28.10,30.17 2 0
TikTokMall/app/cart/kitex_gen/cart/cart.pb.fast.go:30.17,31.23 1 0
TikTokMall/app/cart/kitex_gen/cart/cart.pb.fast.go:34.2,35.1 2 0
TikTokMall/app/cart/kitex_gen/cart/cart.pb.fast.go:36.2,37.1 2 0
TikTokMall/app/cart/kitex_gen/cart/cart.pb.fast.go:38.2,38.110 1 0
TikTokMall/app/cart/kitex_gen/cart/cart.pb.fast.go:41.83,44.2 2 0
TikTokMall/app/cart/kitex_gen/cart/cart.pb.fast.go:46.83,49.2 2 0
TikTokMall/app/cart/kitex_gen/cart/cart.pb.fast.go:51.93,52.16 1 0
TikTokMall/app/cart/kitex_gen/cart/cart.pb.fast.go:53.9,55.17 2 0
TikTokMall/app/cart/kitex_gen/cart/cart.pb.fast.go:55.17,56.23 1 0
TikTokMall/app/cart/kitex_gen/cart/cart.pb.fast.go:58.9,60.17 2 0
TikTokMall/app/cart/kitex_gen/cart/cart.pb.fast.go:60.17,61.23 1 0
TikTokMall/app/cart/kitex_gen/cart/cart.pb.fast.go:63.10,65.17 2 0
TikTokMall/app/cart/kitex_gen/cart/cart.pb.fast.go:65.17,66.23 1 0
TikTokMall/app/cart/kitex_gen/cart/cart.pb.fast.go:69.2,70.1 2 0
TikTokMall/app/cart/kitex_gen/cart/cart.pb.fast.go:71.2,72.1 2 0
TikTokMall/app/cart/kitex_gen/cart/cart.pb.fast.go:73.2,73.112 1 0
TikTokMall/app/cart/kitex_gen/cart/cart.pb.fast.go:76.85,79.2 2 0
TikTokMall/app/cart/kitex_gen/cart/cart.pb.fast.go:81.85,84.16 3 0
TikTokMall/app/cart/kitex_gen/cart/cart.pb.fast.go:84.16,86.3 1 0
TikTokMall/app/cart/kitex_gen/cart/cart.pb.fast.go:87.2,88.20 2 0
TikTokMall/app/cart/kitex_gen/cart/cart.pb.fast.go:91.94,92.16 1 0
TikTokMall/app/cart/kitex_gen/cart/cart.pb.fast.go:93.10,95.17 2 0
TikTokMall/app/cart/kitex_gen/cart/cart.pb.fast.go:95.17,96.23 1 0
TikTokMall/app/cart/kitex_gen/cart/cart.pb.fast.go:99.2,100.1 2 0
TikTokMall/app/cart/kitex_gen/cart/cart.pb.fast.go:101.2,101.90 1 0
TikTokMall/app/cart/kitex_gen/cart/cart.pb.fast.go:104.95,105.16 1 0
TikTokMall/app/cart/kitex_gen/cart/cart.pb.fast.go:106.9,108.17 2 0
TikTokMall/app/cart/kitex_gen/cart/cart.pb.fast.go:108.17,109.23 1 0
TikTokMall/app/cart/kitex_gen/cart/cart.pb.fast.go:111.10,113.17 2 0
TikTokMall/app/cart/kitex_gen/cart/cart.pb.fast.go:113.17,114.23 1 0
TikTokMall/app/cart/kitex_gen/cart/cart.pb.fast.go:117.2,118.1 2 0
TikTokMall/app/cart/kitex_gen/cart/cart.pb.fast.go:119.2,120.1 2 0
TikTokMall/app/cart/kitex_gen/cart/cart.pb.fast.go:121.2,121.114 1 0
TikTokMall/app/cart/kitex_gen/cart/cart.pb.fast.go:124.87,127.2 2 0
TikTokMall/app/cart/kitex_gen/cart/cart.pb.fast.go:129.93,130.16 1 0
TikTokMall/app/cart/kitex_gen/cart/cart.pb.fast.go:131.9,133.17 2 0
TikTokMall/app/cart/kitex_gen/cart/cart.pb.fast.go:133.17,134.23 1 0
TikTokMall/app/cart/kitex_gen/cart/cart.pb.fast.go:136.10,138.17 2 0
TikTokMall/app/cart/kitex_gen/cart/cart.pb.fast.go:138.17,139.23 1 0
TikTokMall/app/cart/kitex_gen/cart/cart.pb.fast.go:142.2,143.1 2 0
TikTokMall/app/cart/kitex_gen/cart/cart.pb.fast.go:144.2,145.1 2 0
TikTokMall/app/cart/kitex_gen/cart/cart.pb.fast.go:146.2,146.112 1 0
TikTokMall/app/cart/kitex_gen/cart/cart.pb.fast.go:149.85,152.2 2 0
TikTokMall/app/cart/kitex_gen/cart/cart.pb.fast.go:154.94,155.16 1 0
TikTokMall/app/cart/kitex_gen/cart/cart.pb.fast.go:156.9,158.17 2 0
TikTokMall/app/cart/kitex_gen/cart/cart.pb.fast.go:158.17,159.23 1 0
TikTokMall/app/cart/kitex_gen/cart/cart.pb.fast.go:161.10,163.17 2 0
TikTokMall/app/cart/kitex_gen/cart/cart.pb.fast.go:163.17,164.23 1 0
TikTokMall/app/cart/kitex_gen/cart/cart.pb.fast.go:167.2,168.1 2 0
TikTokMall/app/cart/kitex_gen/cart/cart.pb.fast.go:169.2,170.1 2 0
TikTokMall/app/cart/kitex_gen/cart/cart.pb.fast.go:171.2,171.113 1 0
TikTokMall/app/cart/kitex_gen/cart/cart.pb.fast.go:174.86,177.16 3 0
TikTokMall/app/cart/kitex_gen/cart/cart.pb.fast.go:177.16,179.3 1 0
TikTokMall/app/cart/kitex_gen/cart/cart.pb.fast.go:180.2,181.20 2 0
TikTokMall/app/cart/kitex_gen/cart/cart.pb.fast.go:184.87,185.16 1 0
TikTokMall/app/cart/kitex_gen/cart/cart.pb.fast.go:186.9,188.17 2 0
TikTokMall/app/cart/kitex_gen/cart/cart.pb.fast.go:188.17,189.23 1 0
TikTokMall/app/cart/kitex_gen/cart/cart.pb.fast.go:191.9,193.17 2 0
TikTokMall/app/cart/kitex_gen/cart/cart.pb.fast.go:193.17,194.23 1 0
TikTokMall/app/cart/kitex_gen/cart/cart.pb.fast.go:196.10,198.17 2 0
TikTokMall/app/cart/kitex_gen/cart/cart.pb.fast.go:198.17,199.23 1 0
TikTokMall/app/cart/kitex_gen/cart/cart.pb.fast.go:202.2,203.1 2 0
TikTokMall/app/cart/kitex_gen/cart/cart.pb.fast.go:204.2,205.1 2 0
TikTokMall/app/cart/kitex_gen/cart/cart.pb.fast.go:206.2,206.106 1 0
TikTokMall/app/cart/kitex_gen/cart/cart.pb.fast.go:209.79,212.2 2 0
TikTokMall/app/cart/kitex_gen/cart/cart.pb.fast.go:214.79,217.16 3 0
TikTokMall/app/cart/kitex_gen/cart/cart.pb.fast.go:217.16,219.3 1 0
TikTokMall/app/cart/kitex_gen/cart/cart.pb.fast.go:220.2,221.20 2 0
TikTokMall/app/cart/kitex_gen/cart/cart.pb.fast.go:224.96,225.16 1 0
TikTokMall/app/cart/kitex_gen/cart/cart.pb.fast.go:226.10,228.17 2 0
TikTokMall/app/cart/kitex_gen/cart/cart.pb.fast.go:228.17,229.23 1 0
TikTokMall/app/cart/kitex_gen/cart/cart.pb.fast.go:232.2,233.1 2 0
TikTokMall/app/cart/kitex_gen/cart/cart.pb.fast.go:234.2,234.90 1 0
TikTokMall/app/cart/kitex_gen/cart/cart.pb.fast.go:237.55,238.14 1 0
TikTokMall/app/cart/kitex_gen/cart/cart.pb.fast.go:238.14,240.3 1 0
TikTokMall/app/cart/kitex_gen/cart/cart.pb.fast.go:241.2,243.15 3 0
TikTokMall/app/cart/kitex_gen/cart/cart.pb.fast.go:246.61,247.22 1 0
TikTokMall/app/cart/kitex_gen/cart/cart.pb.fast.go:247.22,249.3 1 0
TikTokMall/app/cart/kitex_gen/cart/cart.pb.fast.go:250.2,251.15 2 0
TikTokMall/app/cart/kitex_gen/cart/cart.pb.fast.go:254.61,255.21 1 0
TikTokMall/app/cart/kitex_gen/cart/cart.pb.fast.go:255.21,257.3 1 0
TikTokMall/app/cart/kitex_gen/cart/cart.pb.fast.go:258.2,259.15 2 0
TikTokMall/app/cart/kitex_gen/cart/cart.pb.fast.go:262.57,263.14 1 0
TikTokMall/app/cart/kitex_gen/cart/cart.pb.fast.go:263.14,265.3 1 0
TikTokMall/app/cart/kitex_gen/cart/cart.pb.fast.go:266.2,268.15 3 0
TikTokMall/app/cart/kitex_gen/cart/cart.pb.fast.go:271.63,272.19 1 0
TikTokMall/app/cart/kitex_gen/cart/cart.pb.fast.go:272.19,274.3 1 0
TikTokMall/app/cart/kitex_gen/cart/cart.pb.fast.go:275.2,276.15 2 0
TikTokMall/app/cart/kitex_gen/cart/cart.pb.fast.go:279.63,280.19 1 0
TikTokMall/app/cart/kitex_gen/cart/cart.pb.fast.go:280.19,282.3 1 0
TikTokMall/app/cart/kitex_gen/cart/cart.pb.fast.go:283.2,284.15 2 0
TikTokMall/app/cart/kitex_gen/cart/cart.pb.fast.go:287.58,288.14 1 0
TikTokMall/app/cart/kitex_gen/cart/cart.pb.fast.go:288.14,290.3 1 0
TikTokMall/app/cart/kitex_gen/cart/cart.pb.fast.go:291.2,291.15 1 0
TikTokMall/app/cart/kitex_gen/cart/cart.pb.fast.go:294.59,295.14 1 0
TikTokMall/app/cart/kitex_gen/cart/cart.pb.fast.go:295.14,297.3 1 0
TikTokMall/app/cart/kitex_gen/cart/cart.pb.fast.go:298.2,299.15 2 0
TikTokMall/app/cart/kitex_gen/cart/cart.pb.fast.go:302.65,303.19 1 0
TikTokMall/app/cart/kitex_gen/cart/cart.pb.fast.go:303.19,305.3 1 0
TikTokMall/app/cart/kitex_gen/cart/cart.pb.fast.go:306.2,307.15 2 0
TikTokMall/app/cart/kitex_gen/cart/cart.pb.fast.go:310.57,311.14 1 0
TikTokMall/app/cart/kitex_gen/cart/cart.pb.fast.go:311.14,313.3 1 0
TikTokMall/app/cart/kitex_gen/cart/cart.pb.fast.go:314.2,315.15 2 0
TikTokMall/app/cart/kitex_gen/cart/cart.pb.fast.go:318.63,319.19 1 0
TikTokMall/app/cart/kitex_gen/cart/cart.pb.fast.go:319.19,321.3 1 0
TikTokMall/app/cart/kitex_gen/cart/cart.pb.fast.go:322.2,323.15 2 0
TikTokMall/app/cart/kitex_gen/cart/cart.pb.fast.go:326.58,327.14 1 0
TikTokMall/app/cart/kitex_gen/cart/cart.pb.fast.go:327.14,329.3 1 0
TikTokMall/app/cart/kitex_gen/cart/cart.pb.fast.go:330.2,331.15 2 0
TikTokMall/app/cart/kitex_gen/cart/cart.pb.fast.go:334.64,335.19 1 0
TikTokMall/app/cart/kitex_gen/cart/cart.pb.fast.go:335.19,337.3 1 0
TikTokMall/app/cart/kitex_gen/cart/cart.pb.fast.go:338.2,339.15 2 0
TikTokMall/app/cart/kitex_gen/cart/cart.pb.fast.go:342.51,343.14 1 0
TikTokMall/app/cart/kitex_gen/cart/cart.pb.fast.go:343.14,345.3 1 0
TikTokMall/app/cart/kitex_gen/cart/cart.pb.fast.go:346.2,348.15 3 0
TikTokMall/app/cart/kitex_gen/cart/cart.pb.fast.go:351.57,352.19 1 0
TikTokMall/app/cart/kitex_gen/cart/cart.pb.fast.go:352.19,354.3 1 0
TikTokMall/app/cart/kitex_gen/cart/cart.pb.fast.go:355.2,356.15 2 0
TikTokMall/app/cart/kitex_gen/cart/cart.pb.fast.go:359.57,360.20 1 0
TikTokMall/app/cart/kitex_gen/cart/cart.pb.fast.go:360.20,362.3 1 0
TikTokMall/app/cart/kitex_gen/cart/cart.pb.fast.go:363.2,363.30 1 0
TikTokMall/app/cart/kitex_gen/cart/cart.pb.fast.go:363.30,365.3 1 0
TikTokMall/app/cart/kitex_gen/cart/cart.pb.fast.go:366.2,366.15 1 0
TikTokMall/app/cart/kitex_gen/cart/cart.pb.fast.go:369.60,370.14 1 0
TikTokMall/app/cart/kitex_gen/cart/cart.pb.fast.go:370.14,372.3 1 0
TikTokMall/app/cart/kitex_gen/cart/cart.pb.fast.go:373.2,373.15 1 0
TikTokMall/app/cart/kitex_gen/cart/cart.pb.fast.go:376.35,377.14 1 0
TikTokMall/app/cart/kitex_gen/cart/cart.pb.fast.go:377.14,379.3 1 0
TikTokMall/app/cart/kitex_gen/cart/cart.pb.fast.go:380.2,382.10 3 0
TikTokMall/app/cart/kitex_gen/cart/cart.pb.fast.go:385.41,386.22 1 0
TikTokMall/app/cart/kitex_gen/cart/cart.pb.fast.go:386.22,388.3 1 0
TikTokMall/app/cart/kitex_gen/cart/cart.pb.fast.go:389.2,390.10 2 0
TikTokMall/app/cart/kitex_gen/cart/cart.pb.fast.go:393.41,394.21 1 0
TikTokMall/app/cart/kitex_gen/cart/cart.pb.fast.go:394.21,396.3 1 0
TikTokMall/app/cart/kitex_gen/cart/cart.pb.fast.go:397.2,398.10 2 0
TikTokMall/app/cart/kitex_gen/cart/cart.pb.fast.go:401.37,402.14 1 0
TikTokMall/app/cart/kitex_gen/cart/cart.pb.fast.go:402.14,404.3 1 0
TikTokMall/app/cart/kitex_gen/cart/cart.pb.fast.go:405.2,407.10 3 0
TikTokMall/app/cart/kitex_gen/cart/cart.pb.fast.go:410.43,411.19 1 0
TikTokMall/app/cart/kitex_gen/cart/cart.pb.fast.go:411.19,413.3 1 0
TikTokMall/app/cart/kitex_gen/cart/cart.pb.fast.go:414.2,415.10 2 0
TikTokMall/app/cart/kitex_gen/cart/cart.pb.fast.go:418.43,419.19 1 0
TikTokMall/app/cart/kitex_gen/cart/cart.pb.fast.go:419.19,421.3 1 0
TikTokMall/app/cart/kitex_gen/cart/cart.pb.fast.go:422.2,423.10 2 0
TikTokMall/app/cart/kitex_gen/cart/cart.pb.fast.go:426.38,427.14 1 0
TikTokMall/app/cart/kitex_gen/cart/cart.pb.fast.go:427.14,429.3 1 0
TikTokMall/app/cart/kitex_gen/cart/cart.pb.fast.go:430.2,430.10 1 0
TikTokMall/app/cart/kitex_gen/cart/cart.pb.fast.go:433.39,434.14 1 0
TikTokMall/app/cart/kitex_gen/cart/cart.pb.fast.go:434.14,436.3 1 0
TikTokMall/app/cart/kitex_gen/cart/cart.pb.fast.go:437.2,438.10 2 0
TikTokMall/app/cart/kitex_gen/cart/cart.pb.fast.go:441.45,442.19 1 0
TikTokMall/app/cart/kitex_gen/cart/cart.pb.fast.go:442.19,444.3 1 0
TikTokMall/app/cart/kitex_gen/cart/cart.pb.fast.go:445.2,446.10 2 0
TikTokMall/app/cart/kitex_gen/cart/cart.pb.fast.go:449.37,450.14 1 0
TikTokMall/app/cart/kitex_gen/cart/cart.pb.fast.go:450.14,452.3 1 0
TikTokMall/app/cart/kitex_gen/cart/cart.pb.fast.go:453.2,454.10 2 0
TikTokMall/app/cart/kitex_gen/cart/cart.pb.fast.go:457.43,458.19 1 0
TikTokMall/app/cart/kitex_gen/cart/cart.pb.fast.go:458.19,460.3 1 0
TikTokMall/app/cart/kitex_gen/cart/cart.pb.fast.go:461.2,462.10 2 0
TikTokMall/app/cart/kitex_gen/cart/cart.pb.fast.go:465.38,466.14 1 0
TikTokMall/app/cart/kitex_gen/cart/cart.pb.fast.go:466.14,468.3 1 0
TikTokMall/app/cart/kitex_gen/cart/cart.pb.fast.go:469.2,470.10 2 0
TikTokMall/app/cart/kitex_gen/cart/cart.pb.fast.go:473.44,474.19 1 0
TikTokMall/app/cart/kitex_gen/cart/cart.pb.fast.go:474.19,476.3 1 0
TikTokMall/app/cart/kitex_gen/cart/cart.pb.fast.go:477.2,478.10 2 0
TikTokMall/app/cart/kitex_gen/cart/cart.pb.fast.go:481.31,482.14 1 0
TikTokMall/app/cart/kitex_gen/cart/cart.pb.fast.go:482.14,484.3 1 0
TikTokMall/app/cart/kitex_gen/cart/cart.pb.fast.go:485.2,487.10 3 0
TikTokMall/app/cart/kitex_gen/cart/cart.pb.fast.go:490.37,491.19 1 0
TikTokMall/app/cart/kitex_gen/cart/cart.pb.fast.go:491.19,493.3 1 0
TikTokMall/app/cart/kitex_gen/cart/cart.pb.fast.go:494.2,495.10 2 0
TikTokMall/app/cart/kitex_gen/cart/cart.pb.fast.go:498.37,499.20 1 0
TikTokMall/app/cart/kitex_gen/cart/cart.pb.fast.go:499.20,501.3 1 0
TikTokMall/app/cart/kitex_gen/cart/cart.pb.fast.go:502.2,502.30 1 0
TikTokMall/app/cart/kitex_gen/cart/cart.pb.fast.go:502.30,504.3 1 0
TikTokMall/app/cart/kitex_gen/cart/cart.pb.fast.go:505.2,505.10 1 0
TikTokMall/app/cart/kitex_gen/cart/cart.pb.fast.go:508.40,509.14 1 0
TikTokMall/app/cart/kitex_gen/cart/cart.pb.fast.go:509.14,511.3 1 0
TikTokMall/app/cart/kitex_gen/cart/cart.pb.fast.go:512.2,512.10 1 0
TikTokMall/app/cart/kitex_gen/cart/cart.pb.go:34.28,36.29 2 0
TikTokMall/app/cart/kitex_gen/cart/cart.pb.go:36.29,40.3 3 0
TikTokMall/app/cart/kitex_gen/cart/cart.pb.go:43.36,45.2 1 0
TikTokMall/app/cart/kitex_gen/cart/cart.pb.go:47.34,47.35 0 0
TikTokMall/app/cart/kitex_gen/cart/cart.pb.go:49.56,51.41 2 0
TikTokMall/app/cart/kitex_gen/cart/cart.pb.go:51.41,53.34 2 0
TikTokMall/app/cart/kitex_gen/cart/cart.pb.go:53.34,55.4 1 0
TikTokMall/app/cart/kitex_gen/cart/cart.pb.go:56.3,56.12 1 0
TikTokMall/app/cart/kitex_gen/cart/cart.pb.go:58.2,58.24 1 0
TikTokMall/app/cart/kitex_gen/cart/cart.pb.go:62.47,64.2 1 0
TikTokMall/app/cart/kitex_gen/cart/cart.pb.go:66.42,67.14 1 0
TikTokMall/app/cart/kitex_gen/cart/cart.pb.go:67.14,69.3 1 0
TikTokMall/app/cart/kitex_gen/cart/cart.pb.go:70.2,70.10 1 0
TikTokMall/app/cart/kitex_gen/cart/cart.pb.go:73.40,74.14 1 0
TikTokMall/app/cart/kitex_gen/cart/cart.pb.go:74.14,76.3 1 0
TikTokMall/app/cart/kitex_gen/cart/cart.pb.go:77.2,77.10 1 0
TikTokMall/app/cart/kitex_gen/cart/cart.pb.go:89.30,91.29 2 0
TikTokMall/app/cart/kitex_gen/cart/cart.pb.go:91.29,95.3 3 0
TikTokMall/app/cart/kitex_gen/cart/cart.pb.go:98.38,100.2 1 0
TikTokMall/app/cart/kitex_gen/cart/cart.pb.go:102.36,102.37 0 0
TikTokMall/app/cart/kitex_gen/cart/cart.pb.go:104.58,106.41 2 0
TikTokMall/app/cart/kitex_gen/cart/cart.pb.go:106.41,108.34 2 0
TikTokMall/app/cart/kitex_gen/cart/cart.pb.go:108.34,110.4 1 0
TikTokMall/app/cart/kitex_gen/cart/cart.pb.go:111.3,111.12 1 0
TikTokMall/app/cart/kitex_gen/cart/cart.pb.go:113.2,113.24 1 0
TikTokMall/app/cart/kitex_gen/cart/cart.pb.go:117.49,119.2 1 0
TikTokMall/app/cart/kitex_gen/cart/cart.pb.go:121.41,122.14 1 0
TikTokMall/app/cart/kitex_gen/cart/cart.pb.go:122.14,124.3 1 0
TikTokMall/app/cart/kitex_gen/cart/cart.pb.go:125.2,125.10 1 0
TikTokMall/app/cart/kitex_gen/cart/cart.pb.go:128.42,129.14 1 0
TikTokMall/app/cart/kitex_gen/cart/cart.pb.go:129.14,131.3 1 0
TikTokMall/app/cart/kitex_gen/cart/cart.pb.go:132.2,132.12 1 0
TikTokMall/app/cart/kitex_gen/cart/cart.pb.go:141.31,143.29 2 0
TikTokMall/app/cart/kitex_gen/cart/cart.pb.go:143.29,147.3 3 0
TikTokMall/app/cart/kitex_gen/cart/cart.pb.go:150.39,152.2 1 0
TikTokMall/app/cart/kitex_gen/cart/cart.pb.go:154.37,154.38 0 0
TikTokMall/app/cart/kitex_gen/cart/cart.pb.go:156.59,158.41 2 0
TikTokMall/app/cart/kitex_gen/cart/cart.pb.go:158.41,160.34 2 0
TikTokMall/app/cart/kitex_gen/cart/cart.pb.go:160.34,162.4 1 0
TikTokMall/app/cart/kitex_gen/cart/cart.pb.go:163.3,163.12 1 0
TikTokMall/app/cart/kitex_gen/cart/cart.pb.go:165.2,165.24 1 0
TikTokMall/app/cart/kitex_gen/cart/cart.pb.go:169.50,171.2 1 0
TikTokMall/app/cart/kitex_gen/cart/cart.pb.go:181.32,183.29 2 0
TikTokMall/app/cart/kitex_gen/cart/cart.pb.go:183.29,187.3 3 0
TikTokMall/app/cart/kitex_gen/cart/cart.pb.go:190.40,192.2 1 0
TikTokMall/app/cart/kitex_gen/cart/cart.pb.go:194.38,194.39 0 0
TikTokMall/app/cart/kitex_gen/cart/cart.pb.go:196.60,198.41 2 0
TikTokMall/app/cart/kitex_gen/cart/cart.pb.go:198.41,200.34 2 0
TikTokMall/app/cart/kitex_gen/cart/cart.pb.go:200.34,202.4 1 0
TikTokMall/app/cart/kitex_gen/cart/cart.pb.go:203.3,203.12 1 0
TikTokMall/app/cart/kitex_gen/cart/cart.pb.go:205.2,205.24 1 0
TikTokMall/app/cart/kitex_gen/cart/cart.pb.go:209.51,211.2 1 0
TikTokMall/app/cart/kitex_gen/cart/cart.pb.go:213.43,214.14 1 0
TikTokMall/app/cart/kitex_gen/cart/cart.pb.go:214.14,216.3 1 0
TikTokMall/app/cart/kitex_gen/cart/cart.pb.go:217.2,217.10 1 0
TikTokMall/app/cart/kitex_gen/cart/cart.pb.go:228.30,230.29 2 0
TikTokMall/app/cart/kitex_gen/cart/cart.pb.go:230.29,234.3 3 0
TikTokMall/app/cart/kitex_gen/cart/cart.pb.go:237.38,239.2 1 0
TikTokMall/app/cart/kitex_gen/cart/cart.pb.go:241.36,241.37 0 0
TikTokMall/app/cart/kitex_gen/cart/cart.pb.go:243.58,245.41 2 0
TikTokMall/app/cart/kitex_gen/cart/cart.pb.go:245.41,247.34 2 0
TikTokMall/app/cart/kitex_gen/cart/cart.pb.go:247.34,249.4 1 0
TikTokMall/app/cart/kitex_gen/cart/cart.pb.go:250.3,250.12 1 0
TikTokMall/app/cart/kitex_gen/cart/cart.pb.go:252.2,252.24 1 0
TikTokMall/app/cart/kitex_gen/cart/cart.pb.go:256.49,258.2 1 0
TikTokMall/app/cart/kitex_gen/cart/cart.pb.go:260.41,261.14 1 0
TikTokMall/app/cart/kitex_gen/cart/cart.pb.go:261.14,263.3 1 0
TikTokMall/app/cart/kitex_gen/cart/cart.pb.go:264.2,264.10 1 0
TikTokMall/app/cart/kitex_gen/cart/cart.pb.go:275.31,277.29 2 0
TikTokMall/app/cart/kitex_gen/cart/cart.pb.go:277.29,281.3 3 0
TikTokMall/app/cart/kitex_gen/cart/cart.pb.go:284.39,286.2 1 0
TikTokMall/app/cart/kitex_gen/cart/cart.pb.go:288.37,288.38 0 0
TikTokMall/app/cart/kitex_gen/cart/cart.pb.go:290.59,292.41 2 0
TikTokMall/app/cart/kitex_gen/cart/cart.pb.go:292.41,294.34 2 0
TikTokMall/app/cart/kitex_gen/cart/cart.pb.go:294.34,296.4 1 0
TikTokMall/app/cart/kitex_gen/cart/cart.pb.go:297.3,297.12 1 0
TikTokMall/app/cart/kitex_gen/cart/cart.pb.go:299.2,299.24 1 0
TikTokMall/app/cart/kitex_gen/cart/cart.pb.go:303.50,305.2 1 0
TikTokMall/app/cart/kitex_gen/cart/cart.pb.go:307.39,308.14 1 0
TikTokMall/app/cart/kitex_gen/cart/cart.pb.go:308.14,310.3 1 0
TikTokMall/app/cart/kitex_gen/cart/cart.pb.go:311.2,311.12 1 0
TikTokMall/app/cart/kitex_gen/cart/cart.pb.go:323.24,325.29 2 0
TikTokMall/app/cart/kitex_gen/cart/cart.pb.go:325.29,329.3 3 0
TikTokMall/app/cart/kitex_gen/cart/cart.pb.go:332.32,334.2 1 0
TikTokMall/app/cart/kitex_gen/cart/cart.pb.go:336.30,336.31 0 0
TikTokMall/app/cart/kitex_gen/cart/cart.pb.go:338.52,340.41 2 0
TikTokMall/app/cart/kitex_gen/cart/cart.pb.go:340.41,342.34 2 0
TikTokMall/app/cart/kitex_gen/cart/cart.pb.go:342.34,344.4 1 0
TikTokMall/app/cart/kitex_gen/cart/cart.pb.go:345.3,345.12 1 0
TikTokMall/app/cart/kitex_gen/cart/cart.pb.go:347.2,347.24 1 0
TikTokMall/app/cart/kitex_gen/cart/cart.pb.go:351.43,353.2 1 0
TikTokMall/app/cart/kitex_gen/cart/cart.pb.go:355.35,356.14 1 0
TikTokMall/app/cart/kitex_gen/cart/cart.pb.go:356.14,358.3 1 0
TikTokMall/app/cart/kitex_gen/cart/cart.pb.go:359.2,359.10 1 0
TikTokMall/app/cart/kitex_gen/cart/cart.pb.go:362.39,363.14 1 0
TikTokMall/app/cart/kitex_gen/cart/cart.pb.go:363.14,365.3 1 0
TikTokMall/app/cart/kitex_gen/cart/cart.pb.go:366.2,366.12 1 0
TikTokMall/app/cart/kitex_gen/cart/cart.pb.go:375.33,377.29 2 0
TikTokMall/app/cart/kitex_gen/cart/cart.pb.go:377.29,381.3 3 0
TikTokMall/app/cart/kitex_gen/cart/cart.pb.go:384.41,386.2 1 0
TikTokMall/app/cart/kitex_gen/cart/cart.pb.go:388.39,388.40 0 0
TikTokMall/app/cart/kitex_gen/cart/cart.pb.go:390.61,392.41 2 0
TikTokMall/app/cart/kitex_gen/cart/cart.pb.go:392.41,394.34 2 0
TikTokMall/app/cart/kitex_gen/cart/cart.pb.go:394.34,396.4 1 0
TikTokMall/app/cart/kitex_gen/cart/cart.pb.go:397.3,397.12 1 0
TikTokMall/app/cart/kitex_gen/cart/cart.pb.go:399.2,399.24 1 0
TikTokMall/app/cart/kitex_gen/cart/cart.pb.go:403.52,405.2 1 0
TikTokMall/app/cart/kitex_gen/cart/cart.pb.go:465.43,466.40 1 0
TikTokMall/app/cart/kitex_gen/cart/cart.pb.go:466.40,468.3 1 0
TikTokMall/app/cart/kitex_gen/cart/cart.pb.go:469.2,469.36 1 0
TikTokMall/app/cart/kitex_gen/cart/cart.pb.go:500.13,500.39 1 0
TikTokMall/app/cart/kitex_gen/cart/cart.pb.go:501.29,502.28 1 0
TikTokMall/app/cart/kitex_gen/cart/cart.pb.go:502.28,504.3 1 0
TikTokMall/app/cart/kitex_gen/cart/cart.pb.go:505.2,505.30 1 0
TikTokMall/app/cart/kitex_gen/cart/cart.pb.go:505.30,506.81 1 0
TikTokMall/app/cart/kitex_gen/cart/cart.pb.go:506.81,507.33 1 0
TikTokMall/app/cart/kitex_gen/cart/cart.pb.go:508.11,509.20 1 0
TikTokMall/app/cart/kitex_gen/cart/cart.pb.go:510.11,511.24 1 0
TikTokMall/app/cart/kitex_gen/cart/cart.pb.go:512.11,513.28 1 0
TikTokMall/app/cart/kitex_gen/cart/cart.pb.go:514.12,515.15 1 0
TikTokMall/app/cart/kitex_gen/cart/cart.pb.go:518.3,518.81 1 0
TikTokMall/app/cart/kitex_gen/cart/cart.pb.go:518.81,519.35 1 0
TikTokMall/app/cart/kitex_gen/cart/cart.pb.go:520.11,521.20 1 0
TikTokMall/app/cart/kitex_gen/cart/cart.pb.go:522.11,523.24 1 0
TikTokMall/app/cart/kitex_gen/cart/cart.pb.go:524.11,525.28 1 0
TikTokMall/app/cart/kitex_gen/cart/cart.pb.go:526.12,527.15 1 0
TikTokMall/app/cart/kitex_gen/cart/cart.pb.go:530.3,530.81 1 0
TikTokMall/app/cart/kitex_gen/cart/cart.pb.go:530.81,531.36 1 0
TikTokMall/app/cart/kitex_gen/cart/cart.pb.go:532.11,533.20 1 0
TikTokMall/app/cart/kitex_gen/cart/cart.pb.go:534.11,535.24 1 0
TikTokMall/app/cart/kitex_gen/cart/cart.pb.go:536.11,537.28 1 0
TikTokMall/app/cart/kitex_gen/cart/cart.pb.go:538.12,539.15 1 0
TikTokMall/app/cart/kitex_gen/cart/cart.pb.go:542.3,542.81 1 0
TikTokMall/app/cart/kitex_gen/cart/cart.pb.go:542.81,543.37 1 0
TikTokMall/app/cart/kitex_gen/cart/cart.pb.go:544.11,545.20 1 0
TikTokMall/app/cart/kitex_gen/cart/cart.pb.go:546.11,547.24 1 0
TikTokMall/app/cart/kitex_gen/cart/cart.pb.go:548.11,549.28 1 0
TikTokMall/app/cart/kitex_gen/cart/cart.pb.go:550.12,551.15 1 0
TikTokMall/app/cart/kitex_gen/cart/cart.pb.go:554.3,554.81 1 0
TikTokMall/app/cart/kitex_gen/cart/cart.pb.go:554.81,555.35 1 0
TikTokMall/app/cart/kitex_gen/cart/cart.pb.go:556.11,557.20 1 0
TikTokMall/app/cart/kitex_gen/cart/cart.pb.go:558.11,559.24 1 0
TikTokMall/app/cart/kitex_gen/cart/cart.pb.go:560.11,561.28 1 0
TikTokMall/app/cart/kitex_gen/cart/cart.pb.go:562.12,563.15 1 0
TikTokMall/app/cart/kitex_gen/cart/cart.pb.go:566.3,566.81 1 0
TikTokMall/app/cart/kitex_gen/cart/cart.pb.go:566.81,567.36 1 0
TikTokMall/app/cart/kitex_gen/cart/cart.pb.go:568.11,569.20 1 0
TikTokMall/app/cart/kitex_gen/cart/cart.pb.go:570.11,571.24 1 0
TikTokMall/app/cart/kitex_gen/cart/cart.pb.go:572.11,573.28 1 0
TikTokMall/app/cart/kitex_gen/cart/cart.pb.go:574.12,575.15 1 0
TikTokMall/app/cart/kitex_gen/cart/cart.pb.go:578.3,578.81 1 0
TikTokMall/app/cart/kitex_gen/cart/cart.pb.go:578.81,579.29 1 0
TikTokMall/app/cart/kitex_gen/cart/cart.pb.go:580.11,581.20 1 0
TikTokMall/app/cart/kitex_gen/cart/cart.pb.go:582.11,583.24 1 0
TikTokMall/app/cart/kitex_gen/cart/cart.pb.go:584.11,585.28 1 0
TikTokMall/app/cart/kitex_gen/cart/cart.pb.go:586.12,587.15 1 0
TikTokMall/app/cart/kitex_gen/cart/cart.pb.go:590.3,590.81 1 0
TikTokMall/app/cart/kitex_gen/cart/cart.pb.go:590.81,591.38 1 0
TikTokMall/app/cart/kitex_gen/cart/cart.pb.go:592.11,593.20 1 0
TikTokMall/app/cart/kitex_gen/cart/cart.pb.go:594.11,595.24 1 0
TikTokMall/app/cart/kitex_gen/cart/cart.pb.go:596.11,597.28 1 0
TikTokMall/app/cart/kitex_gen/cart/cart.pb.go:598.12,599.15 1 0
TikTokMall/app/cart/kitex_gen/cart/cart.pb.go:603.2,620.31 6 0
TikTokMall/app/cart/handler/cart.go:16.44,20.2 1 0
TikTokMall/app/cart/handler/cart.go:23.114,25.19 2 0
TikTokMall/app/cart/handler/cart.go:25.19,27.6 1 0
TikTokMall/app/cart/handler/cart.go:28.5,28.36 1 0
TikTokMall/app/cart/handler/cart.go:32.114,34.19 2 0
TikTokMall/app/cart/handler/cart.go:34.19,36.6 1 0
TikTokMall/app/cart/handler/cart.go:37.5,39.11 1 0
TikTokMall/app/cart/handler/cart.go:43.120,45.19 2 0
TikTokMall/app/cart/handler/cart.go:45.19,47.6 1 0
TikTokMall/app/cart/handler/cart.go:48.5,48.38 1 0
TikTokMall/app/cart/handler/cart.test.go:13.29,14.38 1 0
TikTokMall/app/cart/handler/cart.test.go:14.38,15.19 1 0
TikTokMall/app/cart/handler/cart.test.go:17.5,17.12 1 0
TikTokMall/app/cart/handler/cart.test.go:20.48,35.2 6 0
TikTokMall/app/cart/handler/cart.test.go:37.48,64.2 14 0
TikTokMall/app/cart/handler/cart.test.go:66.50,99.2 16 0
TikTokMall/app/cart/conf/conf.go:63.24,66.2 2 0
TikTokMall/app/cart/conf/conf.go:68.17,72.19 4 0
TikTokMall/app/cart/conf/conf.go:72.19,73.19 1 0
TikTokMall/app/cart/conf/conf.go:75.5,77.19 3 0
TikTokMall/app/cart/conf/conf.go:77.19,79.19 2 0
TikTokMall/app/cart/conf/conf.go:81.5,81.52 1 0
TikTokMall/app/cart/conf/conf.go:81.52,83.19 2 0
TikTokMall/app/cart/conf/conf.go:85.5,86.33 2 0
TikTokMall/app/cart/conf/conf.go:89.22,91.20 2 0
TikTokMall/app/cart/conf/conf.go:91.20,93.6 1 0
TikTokMall/app/cart/conf/conf.go:94.5,94.13 1 0
TikTokMall/app/cart/conf/conf.go:97.28,99.18 2 0
TikTokMall/app/cart/conf/conf.go:100.18,101.31 1 0
TikTokMall/app/cart/conf/conf.go:102.18,103.31 1 0
TikTokMall/app/cart/conf/conf.go:104.17,105.30 1 0
TikTokMall/app/cart/conf/conf.go:106.19,107.32 1 0
TikTokMall/app/cart/conf/conf.go:108.17,109.30 1 0
TikTokMall/app/cart/conf/conf.go:110.18,111.31 1 0
TikTokMall/app/cart/conf/conf.go:112.18,113.31 1 0
TikTokMall/app/cart/conf/conf.go:114.13,115.30 1 0
TikTokMall/app/cart/kitex_gen/cart/cartservice/cartservice.go:48.39,50.2 1 0
TikTokMall/app/cart/kitex_gen/cart/cartservice/cartservice.go:53.54,55.2 1 0
TikTokMall/app/cart/kitex_gen/cart/cartservice/cartservice.go:58.48,60.2 1 0
TikTokMall/app/cart/kitex_gen/cart/cartservice/cartservice.go:63.42,65.2 1 0
TikTokMall/app/cart/kitex_gen/cart/cartservice/cartservice.go:68.51,70.2 1 0
TikTokMall/app/cart/kitex_gen/cart/cartservice/cartservice.go:71.57,73.2 1 0
TikTokMall/app/cart/kitex_gen/cart/cartservice/cartservice.go:75.116,79.38 4 0
TikTokMall/app/cart/kitex_gen/cart/cartservice/cartservice.go:79.38,80.47 1 0
TikTokMall/app/cart/kitex_gen/cart/cartservice/cartservice.go:80.47,81.12 1 0
TikTokMall/app/cart/kitex_gen/cart/cartservice/cartservice.go:83.3,83.51 1 0
TikTokMall/app/cart/kitex_gen/cart/cartservice/cartservice.go:83.51,84.12 1 0
TikTokMall/app/cart/kitex_gen/cart/cartservice/cartservice.go:86.3,86.20 1 0
TikTokMall/app/cart/kitex_gen/cart/cartservice/cartservice.go:88.2,91.18 2 0
TikTokMall/app/cart/kitex_gen/cart/cartservice/cartservice.go:91.18,93.3 1 0
TikTokMall/app/cart/kitex_gen/cart/cartservice/cartservice.go:94.2,102.16 2 0
TikTokMall/app/cart/kitex_gen/cart/cartservice/cartservice.go:105.94,106.25 1 0
TikTokMall/app/cart/kitex_gen/cart/cartservice/cartservice.go:107.23,110.41 3 0
TikTokMall/app/cart/kitex_gen/cart/cartservice/cartservice.go:110.41,112.4 1 0
TikTokMall/app/cart/kitex_gen/cart/cartservice/cartservice.go:113.3,114.17 2 0
TikTokMall/app/cart/kitex_gen/cart/cartservice/cartservice.go:114.17,116.4 1 0
TikTokMall/app/cart/kitex_gen/cart/cartservice/cartservice.go:117.3,117.26 1 0
TikTokMall/app/cart/kitex_gen/cart/cartservice/cartservice.go:118.20,120.17 2 0
TikTokMall/app/cart/kitex_gen/cart/cartservice/cartservice.go:120.17,122.4 1 0
TikTokMall/app/cart/kitex_gen/cart/cartservice/cartservice.go:123.3,125.13 3 0
TikTokMall/app/cart/kitex_gen/cart/cartservice/cartservice.go:126.10,127.31 1 0
TikTokMall/app/cart/kitex_gen/cart/cartservice/cartservice.go:130.35,132.2 1 0
TikTokMall/app/cart/kitex_gen/cart/cartservice/cartservice.go:134.37,136.2 1 0
TikTokMall/app/cart/kitex_gen/cart/cartservice/cartservice.go:142.89,143.19 1 0
TikTokMall/app/cart/kitex_gen/cart/cartservice/cartservice.go:143.19,145.3 1 0
TikTokMall/app/cart/kitex_gen/cart/cartservice/cartservice.go:146.2,146.43 1 0
TikTokMall/app/cart/kitex_gen/cart/cartservice/cartservice.go:149.53,150.19 1 0
TikTokMall/app/cart/kitex_gen/cart/cartservice/cartservice.go:150.19,152.3 1 0
TikTokMall/app/cart/kitex_gen/cart/cartservice/cartservice.go:153.2,153.29 1 0
TikTokMall/app/cart/kitex_gen/cart/cartservice/cartservice.go:156.38,157.19 1 0
TikTokMall/app/cart/kitex_gen/cart/cartservice/cartservice.go:157.19,159.3 1 0
TikTokMall/app/cart/kitex_gen/cart/cartservice/cartservice.go:160.2,160.21 1 0
TikTokMall/app/cart/kitex_gen/cart/cartservice/cartservice.go:163.59,164.19 1 0
TikTokMall/app/cart/kitex_gen/cart/cartservice/cartservice.go:164.19,166.3 1 0
TikTokMall/app/cart/kitex_gen/cart/cartservice/cartservice.go:167.2,167.29 1 0
TikTokMall/app/cart/kitex_gen/cart/cartservice/cartservice.go:170.50,172.49 2 0
TikTokMall/app/cart/kitex_gen/cart/cartservice/cartservice.go:172.49,174.3 1 0
TikTokMall/app/cart/kitex_gen/cart/cartservice/cartservice.go:175.2,176.12 2 0
TikTokMall/app/cart/kitex_gen/cart/cartservice/cartservice.go:181.49,182.19 1 0
TikTokMall/app/cart/kitex_gen/cart/cartservice/cartservice.go:182.19,184.3 1 0
TikTokMall/app/cart/kitex_gen/cart/cartservice/cartservice.go:185.2,185.14 1 0
TikTokMall/app/cart/kitex_gen/cart/cartservice/cartservice.go:188.39,190.2 1 0
TikTokMall/app/cart/kitex_gen/cart/cartservice/cartservice.go:192.54,194.2 1 0
TikTokMall/app/cart/kitex_gen/cart/cartservice/cartservice.go:202.91,203.23 1 0
TikTokMall/app/cart/kitex_gen/cart/cartservice/cartservice.go:203.23,205.3 1 0
TikTokMall/app/cart/kitex_gen/cart/cartservice/cartservice.go:206.2,206.47 1 0
TikTokMall/app/cart/kitex_gen/cart/cartservice/cartservice.go:209.55,210.23 1 0
TikTokMall/app/cart/kitex_gen/cart/cartservice/cartservice.go:210.23,212.3 1 0
TikTokMall/app/cart/kitex_gen/cart/cartservice/cartservice.go:213.2,213.33 1 0
TikTokMall/app/cart/kitex_gen/cart/cartservice/cartservice.go:216.40,217.23 1 0
TikTokMall/app/cart/kitex_gen/cart/cartservice/cartservice.go:217.23,219.3 1 0
TikTokMall/app/cart/kitex_gen/cart/cartservice/cartservice.go:220.2,220.25 1 0
TikTokMall/app/cart/kitex_gen/cart/cartservice/cartservice.go:223.61,224.23 1 0
TikTokMall/app/cart/kitex_gen/cart/cartservice/cartservice.go:224.23,226.3 1 0
TikTokMall/app/cart/kitex_gen/cart/cartservice/cartservice.go:227.2,227.33 1 0
TikTokMall/app/cart/kitex_gen/cart/cartservice/cartservice.go:230.52,232.49 2 0
TikTokMall/app/cart/kitex_gen/cart/cartservice/cartservice.go:232.49,234.3 1 0
TikTokMall/app/cart/kitex_gen/cart/cartservice/cartservice.go:235.2,236.12 2 0
TikTokMall/app/cart/kitex_gen/cart/cartservice/cartservice.go:239.56,240.23 1 0
TikTokMall/app/cart/kitex_gen/cart/cartservice/cartservice.go:240.23,242.3 1 0
TikTokMall/app/cart/kitex_gen/cart/cartservice/cartservice.go:243.2,243.18 1 0
TikTokMall/app/cart/kitex_gen/cart/cartservice/cartservice.go:246.51,248.2 1 0
TikTokMall/app/cart/kitex_gen/cart/cartservice/cartservice.go:250.45,252.2 1 0
TikTokMall/app/cart/kitex_gen/cart/cartservice/cartservice.go:254.49,256.2 1 0
TikTokMall/app/cart/kitex_gen/cart/cartservice/cartservice.go:258.94,259.25 1 0
TikTokMall/app/cart/kitex_gen/cart/cartservice/cartservice.go:260.23,263.41 3 0
TikTokMall/app/cart/kitex_gen/cart/cartservice/cartservice.go:263.41,265.4 1 0
TikTokMall/app/cart/kitex_gen/cart/cartservice/cartservice.go:266.3,267.17 2 0
TikTokMall/app/cart/kitex_gen/cart/cartservice/cartservice.go:267.17,269.4 1 0
TikTokMall/app/cart/kitex_gen/cart/cartservice/cartservice.go:270.3,270.26 1 0
TikTokMall/app/cart/kitex_gen/cart/cartservice/cartservice.go:271.20,273.17 2 0
TikTokMall/app/cart/kitex_gen/cart/cartservice/cartservice.go:273.17,275.4 1 0
TikTokMall/app/cart/kitex_gen/cart/cartservice/cartservice.go:276.3,278.13 3 0
TikTokMall/app/cart/kitex_gen/cart/cartservice/cartservice.go:279.10,280.31 1 0
TikTokMall/app/cart/kitex_gen/cart/cartservice/cartservice.go:283.35,285.2 1 0
TikTokMall/app/cart/kitex_gen/cart/cartservice/cartservice.go:287.37,289.2 1 0
TikTokMall/app/cart/kitex_gen/cart/cartservice/cartservice.go:295.89,296.19 1 0
TikTokMall/app/cart/kitex_gen/cart/cartservice/cartservice.go:296.19,298.3 1 0
TikTokMall/app/cart/kitex_gen/cart/cartservice/cartservice.go:299.2,299.43 1 0
TikTokMall/app/cart/kitex_gen/cart/cartservice/cartservice.go:302.53,303.19 1 0
TikTokMall/app/cart/kitex_gen/cart/cartservice/cartservice.go:303.19,305.3 1 0
TikTokMall/app/cart/kitex_gen/cart/cartservice/cartservice.go:306.2,306.29 1 0
TikTokMall/app/cart/kitex_gen/cart/cartservice/cartservice.go:309.38,310.19 1 0
TikTokMall/app/cart/kitex_gen/cart/cartservice/cartservice.go:310.19,312.3 1 0
TikTokMall/app/cart/kitex_gen/cart/cartservice/cartservice.go:313.2,313.21 1 0
TikTokMall/app/cart/kitex_gen/cart/cartservice/cartservice.go:316.59,317.19 1 0
TikTokMall/app/cart/kitex_gen/cart/cartservice/cartservice.go:317.19,319.3 1 0
TikTokMall/app/cart/kitex_gen/cart/cartservice/cartservice.go:320.2,320.29 1 0
TikTokMall/app/cart/kitex_gen/cart/cartservice/cartservice.go:323.50,325.49 2 0
TikTokMall/app/cart/kitex_gen/cart/cartservice/cartservice.go:325.49,327.3 1 0
TikTokMall/app/cart/kitex_gen/cart/cartservice/cartservice.go:328.2,329.12 2 0
TikTokMall/app/cart/kitex_gen/cart/cartservice/cartservice.go:334.49,335.19 1 0
TikTokMall/app/cart/kitex_gen/cart/cartservice/cartservice.go:335.19,337.3 1 0
TikTokMall/app/cart/kitex_gen/cart/cartservice/cartservice.go:338.2,338.14 1 0
TikTokMall/app/cart/kitex_gen/cart/cartservice/cartservice.go:341.39,343.2 1 0
TikTokMall/app/cart/kitex_gen/cart/cartservice/cartservice.go:345.54,347.2 1 0
TikTokMall/app/cart/kitex_gen/cart/cartservice/cartservice.go:355.91,356.23 1 0
TikTokMall/app/cart/kitex_gen/cart/cartservice/cartservice.go:356.23,358.3 1 0
TikTokMall/app/cart/kitex_gen/cart/cartservice/cartservice.go:359.2,359.47 1 0
TikTokMall/app/cart/kitex_gen/cart/cartservice/cartservice.go:362.55,363.23 1 0
TikTokMall/app/cart/kitex_gen/cart/cartservice/cartservice.go:363.23,365.3 1 0
TikTokMall/app/cart/kitex_gen/cart/cartservice/cartservice.go:366.2,366.33 1 0
TikTokMall/app/cart/kitex_gen/cart/cartservice/cartservice.go:369.40,370.23 1 0
TikTokMall/app/cart/kitex_gen/cart/cartservice/cartservice.go:370.23,372.3 1 0
TikTokMall/app/cart/kitex_gen/cart/cartservice/cartservice.go:373.2,373.25 1 0
TikTokMall/app/cart/kitex_gen/cart/cartservice/cartservice.go:376.61,377.23 1 0
TikTokMall/app/cart/kitex_gen/cart/cartservice/cartservice.go:377.23,379.3 1 0
TikTokMall/app/cart/kitex_gen/cart/cartservice/cartservice.go:380.2,380.33 1 0
TikTokMall/app/cart/kitex_gen/cart/cartservice/cartservice.go:383.52,385.49 2 0
TikTokMall/app/cart/kitex_gen/cart/cartservice/cartservice.go:385.49,387.3 1 0
TikTokMall/app/cart/kitex_gen/cart/cartservice/cartservice.go:388.2,389.12 2 0
TikTokMall/app/cart/kitex_gen/cart/cartservice/cartservice.go:392.56,393.23 1 0
TikTokMall/app/cart/kitex_gen/cart/cartservice/cartservice.go:393.23,395.3 1 0
TikTokMall/app/cart/kitex_gen/cart/cartservice/cartservice.go:396.2,396.18 1 0
TikTokMall/app/cart/kitex_gen/cart/cartservice/cartservice.go:399.51,401.2 1 0
TikTokMall/app/cart/kitex_gen/cart/cartservice/cartservice.go:403.45,405.2 1 0
TikTokMall/app/cart/kitex_gen/cart/cartservice/cartservice.go:407.49,409.2 1 0
TikTokMall/app/cart/kitex_gen/cart/cartservice/cartservice.go:411.96,412.25 1 0
TikTokMall/app/cart/kitex_gen/cart/cartservice/cartservice.go:413.23,416.41 3 0
TikTokMall/app/cart/kitex_gen/cart/cartservice/cartservice.go:416.41,418.4 1 0
TikTokMall/app/cart/kitex_gen/cart/cartservice/cartservice.go:419.3,420.17 2 0
TikTokMall/app/cart/kitex_gen/cart/cartservice/cartservice.go:420.17,422.4 1 0
TikTokMall/app/cart/kitex_gen/cart/cartservice/cartservice.go:423.3,423.26 1 0
TikTokMall/app/cart/kitex_gen/cart/cartservice/cartservice.go:424.22,426.17 2 0
TikTokMall/app/cart/kitex_gen/cart/cartservice/cartservice.go:426.17,428.4 1 0
TikTokMall/app/cart/kitex_gen/cart/cartservice/cartservice.go:429.3,431.13 3 0
TikTokMall/app/cart/kitex_gen/cart/cartservice/cartservice.go:432.10,433.31 1 0
TikTokMall/app/cart/kitex_gen/cart/cartservice/cartservice.go:436.37,438.2 1 0
TikTokMall/app/cart/kitex_gen/cart/cartservice/cartservice.go:440.39,442.2 1 0
TikTokMall/app/cart/kitex_gen/cart/cartservice/cartservice.go:448.91,449.19 1 0
TikTokMall/app/cart/kitex_gen/cart/cartservice/cartservice.go:449.19,451.3 1 0
TikTokMall/app/cart/kitex_gen/cart/cartservice/cartservice.go:452.2,452.43 1 0
TikTokMall/app/cart/kitex_gen/cart/cartservice/cartservice.go:455.55,456.19 1 0
TikTokMall/app/cart/kitex_gen/cart/cartservice/cartservice.go:456.19,458.3 1 0
TikTokMall/app/cart/kitex_gen/cart/cartservice/cartservice.go:459.2,459.29 1 0
TikTokMall/app/cart/kitex_gen/cart/cartservice/cartservice.go:462.40,463.19 1 0
TikTokMall/app/cart/kitex_gen/cart/cartservice/cartservice.go:463.19,465.3 1 0
TikTokMall/app/cart/kitex_gen/cart/cartservice/cartservice.go:466.2,466.21 1 0
TikTokMall/app/cart/kitex_gen/cart/cartservice/cartservice.go:469.61,470.19 1 0
TikTokMall/app/cart/kitex_gen/cart/cartservice/cartservice.go:470.19,472.3 1 0
TikTokMall/app/cart/kitex_gen/cart/cartservice/cartservice.go:473.2,473.29 1 0
TikTokMall/app/cart/kitex_gen/cart/cartservice/cartservice.go:476.52,478.49 2 0
TikTokMall/app/cart/kitex_gen/cart/cartservice/cartservice.go:478.49,480.3 1 0
TikTokMall/app/cart/kitex_gen/cart/cartservice/cartservice.go:481.2,482.12 2 0
TikTokMall/app/cart/kitex_gen/cart/cartservice/cartservice.go:487.53,488.19 1 0
TikTokMall/app/cart/kitex_gen/cart/cartservice/cartservice.go:488.19,490.3 1 0
TikTokMall/app/cart/kitex_gen/cart/cartservice/cartservice.go:491.2,491.14 1 0
TikTokMall/app/cart/kitex_gen/cart/cartservice/cartservice.go:494.41,496.2 1 0
TikTokMall/app/cart/kitex_gen/cart/cartservice/cartservice.go:498.56,500.2 1 0
TikTokMall/app/cart/kitex_gen/cart/cartservice/cartservice.go:508.93,509.23 1 0
TikTokMall/app/cart/kitex_gen/cart/cartservice/cartservice.go:509.23,511.3 1 0
TikTokMall/app/cart/kitex_gen/cart/cartservice/cartservice.go:512.2,512.47 1 0
TikTokMall/app/cart/kitex_gen/cart/cartservice/cartservice.go:515.57,516.23 1 0
TikTokMall/app/cart/kitex_gen/cart/cartservice/cartservice.go:516.23,518.3 1 0
TikTokMall/app/cart/kitex_gen/cart/cartservice/cartservice.go:519.2,519.33 1 0
TikTokMall/app/cart/kitex_gen/cart/cartservice/cartservice.go:522.42,523.23 1 0
TikTokMall/app/cart/kitex_gen/cart/cartservice/cartservice.go:523.23,525.3 1 0
TikTokMall/app/cart/kitex_gen/cart/cartservice/cartservice.go:526.2,526.25 1 0
TikTokMall/app/cart/kitex_gen/cart/cartservice/cartservice.go:529.63,530.23 1 0
TikTokMall/app/cart/kitex_gen/cart/cartservice/cartservice.go:530.23,532.3 1 0
TikTokMall/app/cart/kitex_gen/cart/cartservice/cartservice.go:533.2,533.33 1 0
TikTokMall/app/cart/kitex_gen/cart/cartservice/cartservice.go:536.54,538.49 2 0
TikTokMall/app/cart/kitex_gen/cart/cartservice/cartservice.go:538.49,540.3 1 0
TikTokMall/app/cart/kitex_gen/cart/cartservice/cartservice.go:541.2,542.12 2 0
TikTokMall/app/cart/kitex_gen/cart/cartservice/cartservice.go:545.60,546.23 1 0
TikTokMall/app/cart/kitex_gen/cart/cartservice/cartservice.go:546.23,548.3 1 0
TikTokMall/app/cart/kitex_gen/cart/cartservice/cartservice.go:549.2,549.18 1 0
TikTokMall/app/cart/kitex_gen/cart/cartservice/cartservice.go:552.53,554.2 1 0
TikTokMall/app/cart/kitex_gen/cart/cartservice/cartservice.go:556.47,558.2 1 0
TikTokMall/app/cart/kitex_gen/cart/cartservice/cartservice.go:560.51,562.2 1 0
TikTokMall/app/cart/kitex_gen/cart/cartservice/cartservice.go:568.49,572.2 1 0
TikTokMall/app/cart/kitex_gen/cart/cartservice/cartservice.go:574.103,578.66 4 0
TikTokMall/app/cart/kitex_gen/cart/cartservice/cartservice.go:578.66,580.3 1 0
TikTokMall/app/cart/kitex_gen/cart/cartservice/cartservice.go:581.2,581.34 1 0
TikTokMall/app/cart/kitex_gen/cart/cartservice/cartservice.go:584.103,588.66 4 0
TikTokMall/app/cart/kitex_gen/cart/cartservice/cartservice.go:588.66,590.3 1 0
TikTokMall/app/cart/kitex_gen/cart/cartservice/cartservice.go:591.2,591.34 1 0
TikTokMall/app/cart/kitex_gen/cart/cartservice/cartservice.go:594.109,598.68 4 0
TikTokMall/app/cart/kitex_gen/cart/cartservice/cartservice.go:598.68,600.3 1 0
TikTokMall/app/cart/kitex_gen/cart/cartservice/cartservice.go:601.2,601.34 1 0
TikTokMall/app/cart/kitex_gen/cart/cartservice/client.go:20.75,27.16 5 0
TikTokMall/app/cart/kitex_gen/cart/cartservice/client.go:27.16,29.3 1 0
TikTokMall/app/cart/kitex_gen/cart/cartservice/client.go:30.2,32.8 1 0
TikTokMall/app/cart/kitex_gen/cart/cartservice/client.go:36.70,38.16 2 0
TikTokMall/app/cart/kitex_gen/cart/cartservice/client.go:38.16,39.13 1 0
TikTokMall/app/cart/kitex_gen/cart/cartservice/client.go:41.2,41.11 1 0
TikTokMall/app/cart/kitex_gen/cart/cartservice/client.go:48.145,51.2 2 0
TikTokMall/app/cart/kitex_gen/cart/cartservice/client.go:53.145,56.2 2 0
TikTokMall/app/cart/kitex_gen/cart/cartservice/client.go:58.151,61.2 2 0
TikTokMall/app/cart/kitex_gen/cart/cartservice/invoker.go:11.81,17.66 4 0
TikTokMall/app/cart/kitex_gen/cart/cartservice/invoker.go:17.66,18.13 1 0
TikTokMall/app/cart/kitex_gen/cart/cartservice/invoker.go:20.2,20.33 1 0
TikTokMall/app/cart/kitex_gen/cart/cartservice/invoker.go:20.33,21.13 1 0
TikTokMall/app/cart/kitex_gen/cart/cartservice/invoker.go:23.2,23.10 1 0
TikTokMall/app/cart/kitex_gen/cart/cartservice/server.go:10.79,16.68 4 0
TikTokMall/app/cart/kitex_gen/cart/cartservice/server.go:16.68,17.13 1 0
TikTokMall/app/cart/kitex_gen/cart/cartservice/server.go:19.2,19.12 1 0
TikTokMall/app/cart/kitex_gen/cart/cartservice/server.go:22.104,24.2 1 0
TikTokMall/app/cart/kitex_gen/api/api.pb.go:649.13,649.38 1 0
TikTokMall/app/cart/kitex_gen/api/api.pb.go:650.28,651.27 1 0
TikTokMall/app/cart/kitex_gen/api/api.pb.go:651.27,653.3 1 0
TikTokMall/app/cart/kitex_gen/api/api.pb.go:654.2,671.30 6 0
TikTokMall/app/cart/biz/dal/init.go:9.19,11.40 1 1
TikTokMall/app/cart/biz/dal/init.go:11.40,13.6 1 0
TikTokMall/app/cart/biz/dal/init.go:15.5,15.40 1 1
TikTokMall/app/cart/biz/dal/init.go:15.40,17.6 1 0
TikTokMall/app/cart/biz/dal/init.go:18.5,18.15 1 1
TikTokMall/app/cart/biz/model/cart.go:19.36,21.2 1 1
TikTokMall/app/cart/biz/service/add_item.go:11.61,13.2 1 1
TikTokMall/app/cart/biz/service/add_item.go:16.88,20.2 1 1
TikTokMall/app/cart/biz/service/cart.go:21.36,23.2 1 1
TikTokMall/app/cart/biz/service/cart.go:26.80,27.31 1 1
TikTokMall/app/cart/biz/service/cart.go:27.31,29.6 1 0
TikTokMall/app/cart/biz/service/cart.go:32.5,40.56 2 1
TikTokMall/app/cart/biz/service/cart.go:40.56,42.6 1 0
TikTokMall/app/cart/biz/service/cart.go:45.5,45.54 1 1
TikTokMall/app/cart/biz/service/cart.go:49.87,52.19 2 1
TikTokMall/app/cart/biz/service/cart.go:52.19,54.6 1 0
TikTokMall/app/cart/biz/service/cart.go:57.5,58.19 2 1
TikTokMall/app/cart/biz/service/cart.go:58.19,60.6 1 0
TikTokMall/app/cart/biz/service/cart.go:63.5,63.63 1 1
TikTokMall/app/cart/biz/service/cart.go:63.64,66.6 0 0
TikTokMall/app/cart/biz/service/cart.go:68.5,68.50 1 1
TikTokMall/app/cart/biz/service/cart.go:72.75,74.56 1 1
TikTokMall/app/cart/biz/service/cart.go:74.56,76.6 1 0
TikTokMall/app/cart/biz/service/cart.go:79.5,79.50 1 1
TikTokMall/app/cart/biz/service/cart.go:83.76,85.32 2 1
TikTokMall/app/cart/biz/service/cart.go:85.32,90.6 1 1
TikTokMall/app/cart/biz/service/cart.go:91.5,94.6 1 1
TikTokMall/app/cart/biz/service/empty_cart.go:11.65,13.2 1 1
TikTokMall/app/cart/biz/service/empty_cart.go:16.94,20.2 1 1
TikTokMall/app/cart/biz/service/get_cart.go:11.61,13.2 1 1
TikTokMall/app/cart/biz/service/get_cart.go:16.88,20.2 1 1
TikTokMall/app/cart/kitex_gen/api/api.pb.go:649.13,649.38 1 1
TikTokMall/app/cart/kitex_gen/api/api.pb.go:650.28,651.27 1 1
TikTokMall/app/cart/kitex_gen/api/api.pb.go:651.27,653.3 1 0
TikTokMall/app/cart/kitex_gen/api/api.pb.go:654.2,671.30 6 1
TikTokMall/app/cart/kitex_gen/cart/cart.pb.fast.go:16.91,17.16 1 0
TikTokMall/app/cart/kitex_gen/cart/cart.pb.fast.go:18.9,20.17 2 0
TikTokMall/app/cart/kitex_gen/cart/cart.pb.fast.go:20.17,21.23 1 0
TikTokMall/app/cart/kitex_gen/cart/cart.pb.fast.go:23.9,25.17 2 0
TikTokMall/app/cart/kitex_gen/cart/cart.pb.fast.go:25.17,26.23 1 0
TikTokMall/app/cart/kitex_gen/cart/cart.pb.fast.go:28.10,30.17 2 0
TikTokMall/app/cart/kitex_gen/cart/cart.pb.fast.go:30.17,31.23 1 0
TikTokMall/app/cart/kitex_gen/cart/cart.pb.fast.go:34.2,35.1 2 0
TikTokMall/app/cart/kitex_gen/cart/cart.pb.fast.go:36.2,37.1 2 0
TikTokMall/app/cart/kitex_gen/cart/cart.pb.fast.go:38.2,38.110 1 0
TikTokMall/app/cart/kitex_gen/cart/cart.pb.fast.go:41.83,44.2 2 0
TikTokMall/app/cart/kitex_gen/cart/cart.pb.fast.go:46.83,49.2 2 0
TikTokMall/app/cart/kitex_gen/cart/cart.pb.fast.go:51.93,52.16 1 0
TikTokMall/app/cart/kitex_gen/cart/cart.pb.fast.go:53.9,55.17 2 0
TikTokMall/app/cart/kitex_gen/cart/cart.pb.fast.go:55.17,56.23 1 0
TikTokMall/app/cart/kitex_gen/cart/cart.pb.fast.go:58.9,60.17 2 0
TikTokMall/app/cart/kitex_gen/cart/cart.pb.fast.go:60.17,61.23 1 0
TikTokMall/app/cart/kitex_gen/cart/cart.pb.fast.go:63.10,65.17 2 0
TikTokMall/app/cart/kitex_gen/cart/cart.pb.fast.go:65.17,66.23 1 0
TikTokMall/app/cart/kitex_gen/cart/cart.pb.fast.go:69.2,70.1 2 0
TikTokMall/app/cart/kitex_gen/cart/cart.pb.fast.go:71.2,72.1 2 0
TikTokMall/app/cart/kitex_gen/cart/cart.pb.fast.go:73.2,73.112 1 0
TikTokMall/app/cart/kitex_gen/cart/cart.pb.fast.go:76.85,79.2 2 0
TikTokMall/app/cart/kitex_gen/cart/cart.pb.fast.go:81.85,84.16 3 0
TikTokMall/app/cart/kitex_gen/cart/cart.pb.fast.go:84.16,86.3 1 0
TikTokMall/app/cart/kitex_gen/cart/cart.pb.fast.go:87.2,88.20 2 0
TikTokMall/app/cart/kitex_gen/cart/cart.pb.fast.go:91.94,92.16 1 0
TikTokMall/app/cart/kitex_gen/cart/cart.pb.fast.go:93.10,95.17 2 0
TikTokMall/app/cart/kitex_gen/cart/cart.pb.fast.go:95.17,96.23 1 0
TikTokMall/app/cart/kitex_gen/cart/cart.pb.fast.go:99.2,100.1 2 0
TikTokMall/app/cart/kitex_gen/cart/cart.pb.fast.go:101.2,101.90 1 0
TikTokMall/app/cart/kitex_gen/cart/cart.pb.fast.go:104.95,105.16 1 0
TikTokMall/app/cart/kitex_gen/cart/cart.pb.fast.go:106.9,108.17 2 0
TikTokMall/app/cart/kitex_gen/cart/cart.pb.fast.go:108.17,109.23 1 0
TikTokMall/app/cart/kitex_gen/cart/cart.pb.fast.go:111.10,113.17 2 0
TikTokMall/app/cart/kitex_gen/cart/cart.pb.fast.go:113.17,114.23 1 0
TikTokMall/app/cart/kitex_gen/cart/cart.pb.fast.go:117.2,118.1 2 0
TikTokMall/app/cart/kitex_gen/cart/cart.pb.fast.go:119.2,120.1 2 0
TikTokMall/app/cart/kitex_gen/cart/cart.pb.fast.go:121.2,121.114 1 0
TikTokMall/app/cart/kitex_gen/cart/cart.pb.fast.go:124.87,127.2 2 0
TikTokMall/app/cart/kitex_gen/cart/cart.pb.fast.go:129.93,130.16 1 0
TikTokMall/app/cart/kitex_gen/cart/cart.pb.fast.go:131.9,133.17 2 0
TikTokMall/app/cart/kitex_gen/cart/cart.pb.fast.go:133.17,134.23 1 0
TikTokMall/app/cart/kitex_gen/cart/cart.pb.fast.go:136.10,138.17 2 0
TikTokMall/app/cart/kitex_gen/cart/cart.pb.fast.go:138.17,139.23 1 0
TikTokMall/app/cart/kitex_gen/cart/cart.pb.fast.go:142.2,143.1 2 0
TikTokMall/app/cart/kitex_gen/cart/cart.pb.fast.go:144.2,145.1 2 0
TikTokMall/app/cart/kitex_gen/cart/cart.pb.fast.go:146.2,146.112 1 0
TikTokMall/app/cart/kitex_gen/cart/cart.pb.fast.go:149.85,152.2 2 0
TikTokMall/app/cart/kitex_gen/cart/cart.pb.fast.go:154.94,155.16 1 0
TikTokMall/app/cart/kitex_gen/cart/cart.pb.fast.go:156.9,158.17 2 0
TikTokMall/app/cart/kitex_gen/cart/cart.pb.fast.go:158.17,159.23 1 0
TikTokMall/app/cart/kitex_gen/cart/cart.pb.fast.go:161.10,163.17 2 0
TikTokMall/app/cart/kitex_gen/cart/cart.pb.fast.go:163.17,164.23 1 0
TikTokMall/app/cart/kitex_gen/cart/cart.pb.fast.go:167.2,168.1 2 0
TikTokMall/app/cart/kitex_gen/cart/cart.pb.fast.go:169.2,170.1 2 0
TikTokMall/app/cart/kitex_gen/cart/cart.pb.fast.go:171.2,171.113 1 0
TikTokMall/app/cart/kitex_gen/cart/cart.pb.fast.go:174.86,177.16 3 0
TikTokMall/app/cart/kitex_gen/cart/cart.pb.fast.go:177.16,179.3 1 0
TikTokMall/app/cart/kitex_gen/cart/cart.pb.fast.go:180.2,181.20 2 0
TikTokMall/app/cart/kitex_gen/cart/cart.pb.fast.go:184.87,185.16 1 0
TikTokMall/app/cart/kitex_gen/cart/cart.pb.fast.go:186.9,188.17 2 0
TikTokMall/app/cart/kitex_gen/cart/cart.pb.fast.go:188.17,189.23 1 0
TikTokMall/app/cart/kitex_gen/cart/cart.pb.fast.go:191.9,193.17 2 0
TikTokMall/app/cart/kitex_gen/cart/cart.pb.fast.go:193.17,194.23 1 0
TikTokMall/app/cart/kitex_gen/cart/cart.pb.fast.go:196.10,198.17 2 0
TikTokMall/app/cart/kitex_gen/cart/cart.pb.fast.go:198.17,199.23 1 0
TikTokMall/app/cart/kitex_gen/cart/cart.pb.fast.go:202.2,203.1 2 0
TikTokMall/app/cart/kitex_gen/cart/cart.pb.fast.go:204.2,205.1 2 0
TikTokMall/app/cart/kitex_gen/cart/cart.pb.fast.go:206.2,206.106 1 0
TikTokMall/app/cart/kitex_gen/cart/cart.pb.fast.go:209.79,212.2 2 0
TikTokMall/app/cart/kitex_gen/cart/cart.pb.fast.go:214.79,217.16 3 0
TikTokMall/app/cart/kitex_gen/cart/cart.pb.fast.go:217.16,219.3 1 0
TikTokMall/app/cart/kitex_gen/cart/cart.pb.fast.go:220.2,221.20 2 0
TikTokMall/app/cart/kitex_gen/cart/cart.pb.fast.go:224.96,225.16 1 0
TikTokMall/app/cart/kitex_gen/cart/cart.pb.fast.go:226.10,228.17 2 0
TikTokMall/app/cart/kitex_gen/cart/cart.pb.fast.go:228.17,229.23 1 0
TikTokMall/app/cart/kitex_gen/cart/cart.pb.fast.go:232.2,233.1 2 0
TikTokMall/app/cart/kitex_gen/cart/cart.pb.fast.go:234.2,234.90 1 0
TikTokMall/app/cart/kitex_gen/cart/cart.pb.fast.go:237.55,238.14 1 0
TikTokMall/app/cart/kitex_gen/cart/cart.pb.fast.go:238.14,240.3 1 0
TikTokMall/app/cart/kitex_gen/cart/cart.pb.fast.go:241.2,243.15 3 0
TikTokMall/app/cart/kitex_gen/cart/cart.pb.fast.go:246.61,247.22 1 0
TikTokMall/app/cart/kitex_gen/cart/cart.pb.fast.go:247.22,249.3 1 0
TikTokMall/app/cart/kitex_gen/cart/cart.pb.fast.go:250.2,251.15 2 0
TikTokMall/app/cart/kitex_gen/cart/cart.pb.fast.go:254.61,255.21 1 0
TikTokMall/app/cart/kitex_gen/cart/cart.pb.fast.go:255.21,257.3 1 0
TikTokMall/app/cart/kitex_gen/cart/cart.pb.fast.go:258.2,259.15 2 0
TikTokMall/app/cart/kitex_gen/cart/cart.pb.fast.go:262.57,263.14 1 0
TikTokMall/app/cart/kitex_gen/cart/cart.pb.fast.go:263.14,265.3 1 0
TikTokMall/app/cart/kitex_gen/cart/cart.pb.fast.go:266.2,268.15 3 0
TikTokMall/app/cart/kitex_gen/cart/cart.pb.fast.go:271.63,272.19 1 0
TikTokMall/app/cart/kitex_gen/cart/cart.pb.fast.go:272.19,274.3 1 0
TikTokMall/app/cart/kitex_gen/cart/cart.pb.fast.go:275.2,276.15 2 0
TikTokMall/app/cart/kitex_gen/cart/cart.pb.fast.go:279.63,280.19 1 0
TikTokMall/app/cart/kitex_gen/cart/cart.pb.fast.go:280.19,282.3 1 0
TikTokMall/app/cart/kitex_gen/cart/cart.pb.fast.go:283.2,284.15 2 0
TikTokMall/app/cart/kitex_gen/cart/cart.pb.fast.go:287.58,288.14 1 0
TikTokMall/app/cart/kitex_gen/cart/cart.pb.fast.go:288.14,290.3 1 0
TikTokMall/app/cart/kitex_gen/cart/cart.pb.fast.go:291.2,291.15 1 0
TikTokMall/app/cart/kitex_gen/cart/cart.pb.fast.go:294.59,295.14 1 0
TikTokMall/app/cart/kitex_gen/cart/cart.pb.fast.go:295.14,297.3 1 0
TikTokMall/app/cart/kitex_gen/cart/cart.pb.fast.go:298.2,299.15 2 0
TikTokMall/app/cart/kitex_gen/cart/cart.pb.fast.go:302.65,303.19 1 0
TikTokMall/app/cart/kitex_gen/cart/cart.pb.fast.go:303.19,305.3 1 0
TikTokMall/app/cart/kitex_gen/cart/cart.pb.fast.go:306.2,307.15 2 0
TikTokMall/app/cart/kitex_gen/cart/cart.pb.fast.go:310.57,311.14 1 0
TikTokMall/app/cart/kitex_gen/cart/cart.pb.fast.go:311.14,313.3 1 0
TikTokMall/app/cart/kitex_gen/cart/cart.pb.fast.go:314.2,315.15 2 0
TikTokMall/app/cart/kitex_gen/cart/cart.pb.fast.go:318.63,319.19 1 0
TikTokMall/app/cart/kitex_gen/cart/cart.pb.fast.go:319.19,321.3 1 0
TikTokMall/app/cart/kitex_gen/cart/cart.pb.fast.go:322.2,323.15 2 0
TikTokMall/app/cart/kitex_gen/cart/cart.pb.fast.go:326.58,327.14 1 0
TikTokMall/app/cart/kitex_gen/cart/cart.pb.fast.go:327.14,329.3 1 0
TikTokMall/app/cart/kitex_gen/cart/cart.pb.fast.go:330.2,331.15 2 0
TikTokMall/app/cart/kitex_gen/cart/cart.pb.fast.go:334.64,335.19 1 0
TikTokMall/app/cart/kitex_gen/cart/cart.pb.fast.go:335.19,337.3 1 0
TikTokMall/app/cart/kitex_gen/cart/cart.pb.fast.go:338.2,339.15 2 0
TikTokMall/app/cart/kitex_gen/cart/cart.pb.fast.go:342.51,343.14 1 0
TikTokMall/app/cart/kitex_gen/cart/cart.pb.fast.go:343.14,345.3 1 0
TikTokMall/app/cart/kitex_gen/cart/cart.pb.fast.go:346.2,348.15 3 0
TikTokMall/app/cart/kitex_gen/cart/cart.pb.fast.go:351.57,352.19 1 0
TikTokMall/app/cart/kitex_gen/cart/cart.pb.fast.go:352.19,354.3 1 0
TikTokMall/app/cart/kitex_gen/cart/cart.pb.fast.go:355.2,356.15 2 0
TikTokMall/app/cart/kitex_gen/cart/cart.pb.fast.go:359.57,360.20 1 0
TikTokMall/app/cart/kitex_gen/cart/cart.pb.fast.go:360.20,362.3 1 0
TikTokMall/app/cart/kitex_gen/cart/cart.pb.fast.go:363.2,363.30 1 0
TikTokMall/app/cart/kitex_gen/cart/cart.pb.fast.go:363.30,365.3 1 0
TikTokMall/app/cart/kitex_gen/cart/cart.pb.fast.go:366.2,366.15 1 0
TikTokMall/app/cart/kitex_gen/cart/cart.pb.fast.go:369.60,370.14 1 0
TikTokMall/app/cart/kitex_gen/cart/cart.pb.fast.go:370.14,372.3 1 0
TikTokMall/app/cart/kitex_gen/cart/cart.pb.fast.go:373.2,373.15 1 0
TikTokMall/app/cart/kitex_gen/cart/cart.pb.fast.go:376.35,377.14 1 0
TikTokMall/app/cart/kitex_gen/cart/cart.pb.fast.go:377.14,379.3 1 0
TikTokMall/app/cart/kitex_gen/cart/cart.pb.fast.go:380.2,382.10 3 0
TikTokMall/app/cart/kitex_gen/cart/cart.pb.fast.go:385.41,386.22 1 0
TikTokMall/app/cart/kitex_gen/cart/cart.pb.fast.go:386.22,388.3 1 0
TikTokMall/app/cart/kitex_gen/cart/cart.pb.fast.go:389.2,390.10 2 0
TikTokMall/app/cart/kitex_gen/cart/cart.pb.fast.go:393.41,394.21 1 0
TikTokMall/app/cart/kitex_gen/cart/cart.pb.fast.go:394.21,396.3 1 0
TikTokMall/app/cart/kitex_gen/cart/cart.pb.fast.go:397.2,398.10 2 0
TikTokMall/app/cart/kitex_gen/cart/cart.pb.fast.go:401.37,402.14 1 0
TikTokMall/app/cart/kitex_gen/cart/cart.pb.fast.go:402.14,404.3 1 0
TikTokMall/app/cart/kitex_gen/cart/cart.pb.fast.go:405.2,407.10 3 0
TikTokMall/app/cart/kitex_gen/cart/cart.pb.fast.go:410.43,411.19 1 0
TikTokMall/app/cart/kitex_gen/cart/cart.pb.fast.go:411.19,413.3 1 0
TikTokMall/app/cart/kitex_gen/cart/cart.pb.fast.go:414.2,415.10 2 0
TikTokMall/app/cart/kitex_gen/cart/cart.pb.fast.go:418.43,419.19 1 0
TikTokMall/app/cart/kitex_gen/cart/cart.pb.fast.go:419.19,421.3 1 0
TikTokMall/app/cart/kitex_gen/cart/cart.pb.fast.go:422.2,423.10 2 0
TikTokMall/app/cart/kitex_gen/cart/cart.pb.fast.go:426.38,427.14 1 0
TikTokMall/app/cart/kitex_gen/cart/cart.pb.fast.go:427.14,429.3 1 0
TikTokMall/app/cart/kitex_gen/cart/cart.pb.fast.go:430.2,430.10 1 0
TikTokMall/app/cart/kitex_gen/cart/cart.pb.fast.go:433.39,434.14 1 0
TikTokMall/app/cart/kitex_gen/cart/cart.pb.fast.go:434.14,436.3 1 0
TikTokMall/app/cart/kitex_gen/cart/cart.pb.fast.go:437.2,438.10 2 0
TikTokMall/app/cart/kitex_gen/cart/cart.pb.fast.go:441.45,442.19 1 0
TikTokMall/app/cart/kitex_gen/cart/cart.pb.fast.go:442.19,444.3 1 0
TikTokMall/app/cart/kitex_gen/cart/cart.pb.fast.go:445.2,446.10 2 0
TikTokMall/app/cart/kitex_gen/cart/cart.pb.fast.go:449.37,450.14 1 0
TikTokMall/app/cart/kitex_gen/cart/cart.pb.fast.go:450.14,452.3 1 0
TikTokMall/app/cart/kitex_gen/cart/cart.pb.fast.go:453.2,454.10 2 0
TikTokMall/app/cart/kitex_gen/cart/cart.pb.fast.go:457.43,458.19 1 0
TikTokMall/app/cart/kitex_gen/cart/cart.pb.fast.go:458.19,460.3 1 0
TikTokMall/app/cart/kitex_gen/cart/cart.pb.fast.go:461.2,462.10 2 0
TikTokMall/app/cart/kitex_gen/cart/cart.pb.fast.go:465.38,466.14 1 0
TikTokMall/app/cart/kitex_gen/cart/cart.pb.fast.go:466.14,468.3 1 0
TikTokMall/app/cart/kitex_gen/cart/cart.pb.fast.go:469.2,470.10 2 0
TikTokMall/app/cart/kitex_gen/cart/cart.pb.fast.go:473.44,474.19 1 0
TikTokMall/app/cart/kitex_gen/cart/cart.pb.fast.go:474.19,476.3 1 0
TikTokMall/app/cart/kitex_gen/cart/cart.pb.fast.go:477.2,478.10 2 0
TikTokMall/app/cart/kitex_gen/cart/cart.pb.fast.go:481.31,482.14 1 0
TikTokMall/app/cart/kitex_gen/cart/cart.pb.fast.go:482.14,484.3 1 0
TikTokMall/app/cart/kitex_gen/cart/cart.pb.fast.go:485.2,487.10 3 0
TikTokMall/app/cart/kitex_gen/cart/cart.pb.fast.go:490.37,491.19 1 0
TikTokMall/app/cart/kitex_gen/cart/cart.pb.fast.go:491.19,493.3 1 0
TikTokMall/app/cart/kitex_gen/cart/cart.pb.fast.go:494.2,495.10 2 0
TikTokMall/app/cart/kitex_gen/cart/cart.pb.fast.go:498.37,499.20 1 0
TikTokMall/app/cart/kitex_gen/cart/cart.pb.fast.go:499.20,501.3 1 0
TikTokMall/app/cart/kitex_gen/cart/cart.pb.fast.go:502.2,502.30 1 0
TikTokMall/app/cart/kitex_gen/cart/cart.pb.fast.go:502.30,504.3 1 0
TikTokMall/app/cart/kitex_gen/cart/cart.pb.fast.go:505.2,505.10 1 0
TikTokMall/app/cart/kitex_gen/cart/cart.pb.fast.go:508.40,509.14 1 0
TikTokMall/app/cart/kitex_gen/cart/cart.pb.fast.go:509.14,511.3 1 0
TikTokMall/app/cart/kitex_gen/cart/cart.pb.fast.go:512.2,512.10 1 0
TikTokMall/app/cart/kitex_gen/cart/cart.pb.go:34.28,36.29 2 0
TikTokMall/app/cart/kitex_gen/cart/cart.pb.go:36.29,40.3 3 0
TikTokMall/app/cart/kitex_gen/cart/cart.pb.go:43.36,45.2 1 1
TikTokMall/app/cart/kitex_gen/cart/cart.pb.go:47.34,47.35 0 0
TikTokMall/app/cart/kitex_gen/cart/cart.pb.go:49.56,51.41 2 1
TikTokMall/app/cart/kitex_gen/cart/cart.pb.go:51.41,53.34 2 1
TikTokMall/app/cart/kitex_gen/cart/cart.pb.go:53.34,55.4 1 1
TikTokMall/app/cart/kitex_gen/cart/cart.pb.go:56.3,56.12 1 1
TikTokMall/app/cart/kitex_gen/cart/cart.pb.go:58.2,58.24 1 0
TikTokMall/app/cart/kitex_gen/cart/cart.pb.go:62.47,64.2 1 0
TikTokMall/app/cart/kitex_gen/cart/cart.pb.go:66.42,67.14 1 0
TikTokMall/app/cart/kitex_gen/cart/cart.pb.go:67.14,69.3 1 0
TikTokMall/app/cart/kitex_gen/cart/cart.pb.go:70.2,70.10 1 0
TikTokMall/app/cart/kitex_gen/cart/cart.pb.go:73.40,74.14 1 0
TikTokMall/app/cart/kitex_gen/cart/cart.pb.go:74.14,76.3 1 0
TikTokMall/app/cart/kitex_gen/cart/cart.pb.go:77.2,77.10 1 0
TikTokMall/app/cart/kitex_gen/cart/cart.pb.go:89.30,91.29 2 0
TikTokMall/app/cart/kitex_gen/cart/cart.pb.go:91.29,95.3 3 0
TikTokMall/app/cart/kitex_gen/cart/cart.pb.go:98.38,100.2 1 0
TikTokMall/app/cart/kitex_gen/cart/cart.pb.go:102.36,102.37 0 0
TikTokMall/app/cart/kitex_gen/cart/cart.pb.go:104.58,106.41 2 0
TikTokMall/app/cart/kitex_gen/cart/cart.pb.go:106.41,108.34 2 0
TikTokMall/app/cart/kitex_gen/cart/cart.pb.go:108.34,110.4 1 0
TikTokMall/app/cart/kitex_gen/cart/cart.pb.go:111.3,111.12 1 0
TikTokMall/app/cart/kitex_gen/cart/cart.pb.go:113.2,113.24 1 0
TikTokMall/app/cart/kitex_gen/cart/cart.pb.go:117.49,119.2 1 0
TikTokMall/app/cart/kitex_gen/cart/cart.pb.go:121.41,122.14 1 0
TikTokMall/app/cart/kitex_gen/cart/cart.pb.go:122.14,124.3 1 0
TikTokMall/app/cart/kitex_gen/cart/cart.pb.go:125.2,125.10 1 0
TikTokMall/app/cart/kitex_gen/cart/cart.pb.go:128.42,129.14 1 0
TikTokMall/app/cart/kitex_gen/cart/cart.pb.go:129.14,131.3 1 0
TikTokMall/app/cart/kitex_gen/cart/cart.pb.go:132.2,132.12 1 0
TikTokMall/app/cart/kitex_gen/cart/cart.pb.go:141.31,143.29 2 0
TikTokMall/app/cart/kitex_gen/cart/cart.pb.go:143.29,147.3 3 0
TikTokMall/app/cart/kitex_gen/cart/cart.pb.go:150.39,152.2 1 1
TikTokMall/app/cart/kitex_gen/cart/cart.pb.go:154.37,154.38 0 0
TikTokMall/app/cart/kitex_gen/cart/cart.pb.go:156.59,158.41 2 1
TikTokMall/app/cart/kitex_gen/cart/cart.pb.go:158.41,160.34 2 0
TikTokMall/app/cart/kitex_gen/cart/cart.pb.go:160.34,162.4 1 0
TikTokMall/app/cart/kitex_gen/cart/cart.pb.go:163.3,163.12 1 0
TikTokMall/app/cart/kitex_gen/cart/cart.pb.go:165.2,165.24 1 1
TikTokMall/app/cart/kitex_gen/cart/cart.pb.go:169.50,171.2 1 0
TikTokMall/app/cart/kitex_gen/cart/cart.pb.go:181.32,183.29 2 0
TikTokMall/app/cart/kitex_gen/cart/cart.pb.go:183.29,187.3 3 0
TikTokMall/app/cart/kitex_gen/cart/cart.pb.go:190.40,192.2 1 0
TikTokMall/app/cart/kitex_gen/cart/cart.pb.go:194.38,194.39 0 0
TikTokMall/app/cart/kitex_gen/cart/cart.pb.go:196.60,198.41 2 0
TikTokMall/app/cart/kitex_gen/cart/cart.pb.go:198.41,200.34 2 0
TikTokMall/app/cart/kitex_gen/cart/cart.pb.go:200.34,202.4 1 0
TikTokMall/app/cart/kitex_gen/cart/cart.pb.go:203.3,203.12 1 0
TikTokMall/app/cart/kitex_gen/cart/cart.pb.go:205.2,205.24 1 0
TikTokMall/app/cart/kitex_gen/cart/cart.pb.go:209.51,211.2 1 0
TikTokMall/app/cart/kitex_gen/cart/cart.pb.go:213.43,214.14 1 0
TikTokMall/app/cart/kitex_gen/cart/cart.pb.go:214.14,216.3 1 0
TikTokMall/app/cart/kitex_gen/cart/cart.pb.go:217.2,217.10 1 0
TikTokMall/app/cart/kitex_gen/cart/cart.pb.go:228.30,230.29 2 0
TikTokMall/app/cart/kitex_gen/cart/cart.pb.go:230.29,234.3 3 0
TikTokMall/app/cart/kitex_gen/cart/cart.pb.go:237.38,239.2 1 0
TikTokMall/app/cart/kitex_gen/cart/cart.pb.go:241.36,241.37 0 0
TikTokMall/app/cart/kitex_gen/cart/cart.pb.go:243.58,245.41 2 0
TikTokMall/app/cart/kitex_gen/cart/cart.pb.go:245.41,247.34 2 0
TikTokMall/app/cart/kitex_gen/cart/cart.pb.go:247.34,249.4 1 0
TikTokMall/app/cart/kitex_gen/cart/cart.pb.go:250.3,250.12 1 0
TikTokMall/app/cart/kitex_gen/cart/cart.pb.go:252.2,252.24 1 0
TikTokMall/app/cart/kitex_gen/cart/cart.pb.go:256.49,258.2 1 0
TikTokMall/app/cart/kitex_gen/cart/cart.pb.go:260.41,261.14 1 0
TikTokMall/app/cart/kitex_gen/cart/cart.pb.go:261.14,263.3 1 0
TikTokMall/app/cart/kitex_gen/cart/cart.pb.go:264.2,264.10 1 0
TikTokMall/app/cart/kitex_gen/cart/cart.pb.go:275.31,277.29 2 0
TikTokMall/app/cart/kitex_gen/cart/cart.pb.go:277.29,281.3 3 0
TikTokMall/app/cart/kitex_gen/cart/cart.pb.go:284.39,286.2 1 1
TikTokMall/app/cart/kitex_gen/cart/cart.pb.go:288.37,288.38 0 0
TikTokMall/app/cart/kitex_gen/cart/cart.pb.go:290.59,292.41 2 1
TikTokMall/app/cart/kitex_gen/cart/cart.pb.go:292.41,294.34 2 0
TikTokMall/app/cart/kitex_gen/cart/cart.pb.go:294.34,296.4 1 0
TikTokMall/app/cart/kitex_gen/cart/cart.pb.go:297.3,297.12 1 0
TikTokMall/app/cart/kitex_gen/cart/cart.pb.go:299.2,299.24 1 1
TikTokMall/app/cart/kitex_gen/cart/cart.pb.go:303.50,305.2 1 0
TikTokMall/app/cart/kitex_gen/cart/cart.pb.go:307.39,308.14 1 0
TikTokMall/app/cart/kitex_gen/cart/cart.pb.go:308.14,310.3 1 0
TikTokMall/app/cart/kitex_gen/cart/cart.pb.go:311.2,311.12 1 0
TikTokMall/app/cart/kitex_gen/cart/cart.pb.go:323.24,325.29 2 0
TikTokMall/app/cart/kitex_gen/cart/cart.pb.go:325.29,329.3 3 0
TikTokMall/app/cart/kitex_gen/cart/cart.pb.go:332.32,334.2 1 0
TikTokMall/app/cart/kitex_gen/cart/cart.pb.go:336.30,336.31 0 0
TikTokMall/app/cart/kitex_gen/cart/cart.pb.go:338.52,340.41 2 0
TikTokMall/app/cart/kitex_gen/cart/cart.pb.go:340.41,342.34 2 0
TikTokMall/app/cart/kitex_gen/cart/cart.pb.go:342.34,344.4 1 0
TikTokMall/app/cart/kitex_gen/cart/cart.pb.go:345.3,345.12 1 0
TikTokMall/app/cart/kitex_gen/cart/cart.pb.go:347.2,347.24 1 0
TikTokMall/app/cart/kitex_gen/cart/cart.pb.go:351.43,353.2 1 0
TikTokMall/app/cart/kitex_gen/cart/cart.pb.go:355.35,356.14 1 0
TikTokMall/app/cart/kitex_gen/cart/cart.pb.go:356.14,358.3 1 0
TikTokMall/app/cart/kitex_gen/cart/cart.pb.go:359.2,359.10 1 0
TikTokMall/app/cart/kitex_gen/cart/cart.pb.go:362.39,363.14 1 0
TikTokMall/app/cart/kitex_gen/cart/cart.pb.go:363.14,365.3 1 0
TikTokMall/app/cart/kitex_gen/cart/cart.pb.go:366.2,366.12 1 0
TikTokMall/app/cart/kitex_gen/cart/cart.pb.go:375.33,377.29 2 0
TikTokMall/app/cart/kitex_gen/cart/cart.pb.go:377.29,381.3 3 0
TikTokMall/app/cart/kitex_gen/cart/cart.pb.go:384.41,386.2 1 1
TikTokMall/app/cart/kitex_gen/cart/cart.pb.go:388.39,388.40 0 0
TikTokMall/app/cart/kitex_gen/cart/cart.pb.go:390.61,392.41 2 1
TikTokMall/app/cart/kitex_gen/cart/cart.pb.go:392.41,394.34 2 0
TikTokMall/app/cart/kitex_gen/cart/cart.pb.go:394.34,396.4 1 0
TikTokMall/app/cart/kitex_gen/cart/cart.pb.go:397.3,397.12 1 0
TikTokMall/app/cart/kitex_gen/cart/cart.pb.go:399.2,399.24 1 1
TikTokMall/app/cart/kitex_gen/cart/cart.pb.go:403.52,405.2 1 0
TikTokMall/app/cart/kitex_gen/cart/cart.pb.go:465.43,466.40 1 0
TikTokMall/app/cart/kitex_gen/cart/cart.pb.go:466.40,468.3 1 0
TikTokMall/app/cart/kitex_gen/cart/cart.pb.go:469.2,469.36 1 0
TikTokMall/app/cart/kitex_gen/cart/cart.pb.go:500.13,500.39 1 1
TikTokMall/app/cart/kitex_gen/cart/cart.pb.go:501.29,502.28 1 1
TikTokMall/app/cart/kitex_gen/cart/cart.pb.go:502.28,504.3 1 0
TikTokMall/app/cart/kitex_gen/cart/cart.pb.go:505.2,505.30 1 1
TikTokMall/app/cart/kitex_gen/cart/cart.pb.go:505.30,506.81 1 0
TikTokMall/app/cart/kitex_gen/cart/cart.pb.go:506.81,507.33 1 0
TikTokMall/app/cart/kitex_gen/cart/cart.pb.go:508.11,509.20 1 0
TikTokMall/app/cart/kitex_gen/cart/cart.pb.go:510.11,511.24 1 0
TikTokMall/app/cart/kitex_gen/cart/cart.pb.go:512.11,513.28 1 0
TikTokMall/app/cart/kitex_gen/cart/cart.pb.go:514.12,515.15 1 0
TikTokMall/app/cart/kitex_gen/cart/cart.pb.go:518.3,518.81 1 0
TikTokMall/app/cart/kitex_gen/cart/cart.pb.go:518.81,519.35 1 0
TikTokMall/app/cart/kitex_gen/cart/cart.pb.go:520.11,521.20 1 0
TikTokMall/app/cart/kitex_gen/cart/cart.pb.go:522.11,523.24 1 0
TikTokMall/app/cart/kitex_gen/cart/cart.pb.go:524.11,525.28 1 0
TikTokMall/app/cart/kitex_gen/cart/cart.pb.go:526.12,527.15 1 0
TikTokMall/app/cart/kitex_gen/cart/cart.pb.go:530.3,530.81 1 0
TikTokMall/app/cart/kitex_gen/cart/cart.pb.go:530.81,531.36 1 0
TikTokMall/app/cart/kitex_gen/cart/cart.pb.go:532.11,533.20 1 0
TikTokMall/app/cart/kitex_gen/cart/cart.pb.go:534.11,535.24 1 0
TikTokMall/app/cart/kitex_gen/cart/cart.pb.go:536.11,537.28 1 0
TikTokMall/app/cart/kitex_gen/cart/cart.pb.go:538.12,539.15 1 0
TikTokMall/app/cart/kitex_gen/cart/cart.pb.go:542.3,542.81 1 0
TikTokMall/app/cart/kitex_gen/cart/cart.pb.go:542.81,543.37 1 0
TikTokMall/app/cart/kitex_gen/cart/cart.pb.go:544.11,545.20 1 0
TikTokMall/app/cart/kitex_gen/cart/cart.pb.go:546.11,547.24 1 0
TikTokMall/app/cart/kitex_gen/cart/cart.pb.go:548.11,549.28 1 0
TikTokMall/app/cart/kitex_gen/cart/cart.pb.go:550.12,551.15 1 0
TikTokMall/app/cart/kitex_gen/cart/cart.pb.go:554.3,554.81 1 0
TikTokMall/app/cart/kitex_gen/cart/cart.pb.go:554.81,555.35 1 0
TikTokMall/app/cart/kitex_gen/cart/cart.pb.go:556.11,557.20 1 0
TikTokMall/app/cart/kitex_gen/cart/cart.pb.go:558.11,559.24 1 0
TikTokMall/app/cart/kitex_gen/cart/cart.pb.go:560.11,561.28 1 0
TikTokMall/app/cart/kitex_gen/cart/cart.pb.go:562.12,563.15 1 0
TikTokMall/app/cart/kitex_gen/cart/cart.pb.go:566.3,566.81 1 0
TikTokMall/app/cart/kitex_gen/cart/cart.pb.go:566.81,567.36 1 0
TikTokMall/app/cart/kitex_gen/cart/cart.pb.go:568.11,569.20 1 0
TikTokMall/app/cart/kitex_gen/cart/cart.pb.go:570.11,571.24 1 0
TikTokMall/app/cart/kitex_gen/cart/cart.pb.go:572.11,573.28 1 0
TikTokMall/app/cart/kitex_gen/cart/cart.pb.go:574.12,575.15 1 0
TikTokMall/app/cart/kitex_gen/cart/cart.pb.go:578.3,578.81 1 0
TikTokMall/app/cart/kitex_gen/cart/cart.pb.go:578.81,579.29 1 0
TikTokMall/app/cart/kitex_gen/cart/cart.pb.go:580.11,581.20 1 0
TikTokMall/app/cart/kitex_gen/cart/cart.pb.go:582.11,583.24 1 0
TikTokMall/app/cart/kitex_gen/cart/cart.pb.go:584.11,585.28 1 0
TikTokMall/app/cart/kitex_gen/cart/cart.pb.go:586.12,587.15 1 0
TikTokMall/app/cart/kitex_gen/cart/cart.pb.go:590.3,590.81 1 0
TikTokMall/app/cart/kitex_gen/cart/cart.pb.go:590.81,591.38 1 0
TikTokMall/app/cart/kitex_gen/cart/cart.pb.go:592.11,593.20 1 0
TikTokMall/app/cart/kitex_gen/cart/cart.pb.go:594.11,595.24 1 0
TikTokMall/app/cart/kitex_gen/cart/cart.pb.go:596.11,597.28 1 0
TikTokMall/app/cart/kitex_gen/cart/cart.pb.go:598.12,599.15 1 0
TikTokMall/app/cart/kitex_gen/cart/cart.pb.go:603.2,620.31 6 1
TikTokMall/app/cart/biz/dal/mysql/cart.go:9.67,11.2 1 0
TikTokMall/app/cart/biz/dal/mysql/cart.go:14.81,18.2 3 0
TikTokMall/app/cart/biz/dal/mysql/cart.go:21.58,23.2 1 1
TikTokMall/app/cart/biz/dal/mysql/cart.go:26.70,28.2 1 1
TikTokMall/app/cart/biz/dal/mysql/cart.go:31.82,35.2 3 1
TikTokMall/app/cart/biz/dal/mysql/cart.go:38.70,40.2 1 1
TikTokMall/app/cart/biz/dal/mysql/cart.go:43.78,45.2 1 1
TikTokMall/app/cart/biz/dal/mysql/cart.go:48.79,50.2 1 1
TikTokMall/app/cart/biz/dal/mysql/init.go:17.19,30.19 4 1
TikTokMall/app/cart/biz/dal/mysql/init.go:30.19,32.6 1 0
TikTokMall/app/cart/biz/dal/mysql/init.go:35.5,36.19 2 1
TikTokMall/app/cart/biz/dal/mysql/init.go:36.19,38.6 1 0
TikTokMall/app/cart/biz/dal/mysql/init.go:40.5,40.15 1 1
TikTokMall/app/cart/biz/model/cart.go:19.36,21.2 1 1
